\BOOKMARK [1][-]{section.1}{서론}{}% 1
\BOOKMARK [2][-]{subsection.1.1}{출장 개요}{section.1}% 2
\BOOKMARK [2][-]{subsection.1.2}{출장 세부 일정}{section.1}% 3
\BOOKMARK [1][-]{section.2}{참석 세션}{}% 4
\BOOKMARK [2][-]{subsection.2.1}{Tutorials}{section.2}% 5
\BOOKMARK [3][-]{subsubsection.2.1.1}{Model Exploration using OpenMOLE: A Workflow Engine for Large Scale Distributed Design of Experiments and Parameter Tuning}{subsection.2.1}% 6
\BOOKMARK [3][-]{subsubsection.2.1.2}{Science Gateways – Leveraging Modeling and Simulations in HPC Infrastructures via Increased Usability}{subsection.2.1}% 7
\BOOKMARK [3][-]{subsubsection.2.1.3}{Getting Started with the AVX-512 on the Multicore and Manycore Platforms}{subsection.2.1}% 8
\BOOKMARK [2][-]{subsection.2.2}{Keynote Presentation}{section.2}% 9
\BOOKMARK [3][-]{subsubsection.2.2.1}{Architecture-aware Algorithms and Software for Peta and Exascale Computing}{subsection.2.2}% 10
\BOOKMARK [3][-]{subsubsection.2.2.2}{The Accelerated Cloud}{subsection.2.2}% 11
\BOOKMARK [1][-]{section.3}{Paper Sessions}{}% 12
\BOOKMARK [2][-]{subsection.3.1}{GENERAL PURPOSE GRAPHICS PROCESSING UNITS \(GPGPU\): : ACCELERATION, ALGORITHMS AND PERFORMANCE}{section.3}% 13
\BOOKMARK [3][-]{subsubsection.3.1.1}{A Runtime/Memory Trade-off of the Continous Ziggurat Method on GPUs}{subsection.3.1}% 14
\BOOKMARK [3][-]{subsubsection.3.1.2}{Cph CT Toolbox: A Performance Evaluation}{subsection.3.1}% 15
\BOOKMARK [3][-]{subsubsection.3.1.3}{Acceleration of dRMSD Calculation and Efficient Usage of GPU Caches}{subsection.3.1}% 16
\BOOKMARK [3][-]{subsubsection.3.1.4}{Optimizing Communications in multi-GPU Lattice Boltzmann Simulations}{subsection.3.1}% 17
\BOOKMARK [2][-]{subsection.3.2}{HIGH PERFORMANCE MEMORY SYSTEMS AND DISTRIBUTED STORAGE AND WAREHOUSING}{section.3}% 18
\BOOKMARK [3][-]{subsubsection.3.2.1}{Analysis of Asymmetric 3D DRAM Architecture in Combination with L2 Cache Size Reduction}{subsection.3.2}% 19
\BOOKMARK [3][-]{subsubsection.3.2.2}{Tracing Long Running Applications: A Case Study Using Gromacs}{subsection.3.2}% 20
\BOOKMARK [3][-]{subsubsection.3.2.3}{Advanced Commands and Distributed Data Layout to Enhance the SSD Internal Parallelism}{subsection.3.2}% 21
\BOOKMARK [2][-]{subsection.3.3}{HPCS 2015 POSTER PAPERS}{section.3}% 22
\BOOKMARK [2][-]{subsection.3.4}{HIGH PERFORMANCE MOBILE ARCHITECTURES, WIRELESS NETWORKS AND APPLICATIONS}{section.3}% 23
\BOOKMARK [3][-]{subsubsection.3.4.1}{GPU Accelerated Ray Launching for High-Fidelity Virtual Test Drives of VANET Applications}{subsection.3.4}% 24
\BOOKMARK [3][-]{subsubsection.3.4.2}{A Collaboration Middleware for Service Scalability in Peer-to-Peer Systems}{subsection.3.4}% 25
\BOOKMARK [3][-]{subsubsection.3.4.3}{Experiments in Fair Scheduling in 4G WiMAX and LTE}{subsection.3.4}% 26
\BOOKMARK [2][-]{subsection.3.5}{IMAGE PROCESSING, MACHINE LEARNING, PATTERN RECOGNITION \046 APPLICATIONS}{section.3}% 27
\BOOKMARK [3][-]{subsubsection.3.5.1}{A Reduced Complexity Instruction Set Architecture for Low Cost Embedded Processors}{subsection.3.5}% 28
\BOOKMARK [3][-]{subsubsection.3.5.2}{Deep Learning with Shallow Architecture for Image Classification}{subsection.3.5}% 29
\BOOKMARK [3][-]{subsubsection.3.5.3}{An Efficient Implementation of Fuzzy Edge Detection Using GPUs in MATLAB}{subsection.3.5}% 30
\BOOKMARK [2][-]{subsection.3.6}{RESOURCE ALLOCATION, SCHEDULING, AND LOAD BALANCING IN HPC SYSTEMS}{section.3}% 31
\BOOKMARK [3][-]{subsubsection.3.6.1}{Market-inspired Dynamic Resource Allocation in Many-core High Performance Computing Systems}{subsection.3.6}% 32
\BOOKMARK [3][-]{subsubsection.3.6.2}{234 Scheduling of 3-2 and 2-1 Eliminations for Parallel Image Compositing using Non-Power-of-Two Number of Processes}{subsection.3.6}% 33
\BOOKMARK [3][-]{subsubsection.3.6.3}{In Search of the Best MPI-OpenMP Distribution for Optimum Intel-MIC Cluster Performance}{subsection.3.6}% 34
\BOOKMARK [1][-]{section.4}{만난 사람들}{}% 35
\BOOKMARK [1][-]{section.5}{암스테르담 숙소 및 교통정보}{}% 36
\BOOKMARK [1][-]{section.6}{결론}{}% 37
