\BOOKMARK [1][-]{section.1}{..}{}% 1
\BOOKMARK [2][-]{subsection.1.1}{Keynote Presentation}{section.1}% 2
\BOOKMARK [3][-]{subsubsection.1.1.1}{Architecture-aware Algorithms and Software for Peta and Exascale Computing}{subsection.1.1}% 3
\BOOKMARK [3][-]{subsubsection.1.1.2}{The Accelerated Cloud}{subsection.1.1}% 4
\BOOKMARK [1][-]{section.2}{Paper Sessions}{}% 5
\BOOKMARK [2][-]{subsection.2.1}{GENERAL PURPOSE GRAPHICS PROCESSING UNITS \(GPGPU\): : ACCELERATION, ALGORITHMS AND PERFORMANCE}{section.2}% 6
\BOOKMARK [3][-]{subsubsection.2.1.1}{A Runtime/Memory Trade-off of the Continous Ziggurat Method on GPUs}{subsection.2.1}% 7
\BOOKMARK [3][-]{subsubsection.2.1.2}{Cph CT Toolbox: A Performance Evaluation}{subsection.2.1}% 8
\BOOKMARK [3][-]{subsubsection.2.1.3}{Acceleration of dRMSD Calculation and Efficient Usage of GPU Caches}{subsection.2.1}% 9
\BOOKMARK [3][-]{subsubsection.2.1.4}{Optimizing Communications in multi-GPU Lattice Boltzmann Simulations}{subsection.2.1}% 10
\BOOKMARK [2][-]{subsection.2.2}{HIGH PERFORMANCE MEMORY SYSTEMS AND DISTRIBUTED STORAGE AND WAREHOUSING}{section.2}% 11
\BOOKMARK [3][-]{subsubsection.2.2.1}{Analysis of Asymmetric 3D DRAM Architecture in Combination with L2 Cache Size Reduction}{subsection.2.2}% 12
\BOOKMARK [3][-]{subsubsection.2.2.2}{Tracing Long Running Applications: A Case Study Using Gromacs}{subsection.2.2}% 13
\BOOKMARK [3][-]{subsubsection.2.2.3}{Advanced Commands and Distributed Data Layout to Enhance the SSD Internal Parallelism}{subsection.2.2}% 14
\BOOKMARK [2][-]{subsection.2.3}{HPCS 2015 POSTER PAPERS}{section.2}% 15
\BOOKMARK [2][-]{subsection.2.4}{HIGH PERFORMANCE MOBILE ARCHITECTURES, WIRELESS NETWORKS AND APPLICATIONS}{section.2}% 16
\BOOKMARK [3][-]{subsubsection.2.4.1}{GPU Accelerated Ray Launching for High-Fidelity Virtual Test Drives of VANET Applications}{subsection.2.4}% 17
\BOOKMARK [3][-]{subsubsection.2.4.2}{A Collaboration Middleware for Service Scalability in Peer-to-Peer Systems}{subsection.2.4}% 18
\BOOKMARK [3][-]{subsubsection.2.4.3}{Experiments in Fair Scheduling in 4G WiMAX and LTE}{subsection.2.4}% 19
\BOOKMARK [2][-]{subsection.2.5}{IMAGE PROCESSING, MACHINE LEARNING, PATTERN RECOGNITION \046 APPLICATIONS}{section.2}% 20
\BOOKMARK [3][-]{subsubsection.2.5.1}{A Reduced Complexity Instruction Set Architecture for Low Cost Embedded Processors}{subsection.2.5}% 21
\BOOKMARK [3][-]{subsubsection.2.5.2}{Deep Learning with Shallow Architecture for Image Classification}{subsection.2.5}% 22
\BOOKMARK [3][-]{subsubsection.2.5.3}{An Efficient Implementation of Fuzzy Edge Detection Using GPUs in MATLAB}{subsection.2.5}% 23
\BOOKMARK [2][-]{subsection.2.6}{RESOURCE ALLOCATION, SCHEDULING, AND LOAD BALANCING IN HPC SYSTEMS}{section.2}% 24
\BOOKMARK [3][-]{subsubsection.2.6.1}{Market-inspired Dynamic Resource Allocation in Many-core High Performance Computing Systems}{subsection.2.6}% 25
\BOOKMARK [3][-]{subsubsection.2.6.2}{234 Scheduling of 3-2 and 2-1 Eliminations for Parallel Image Compositing using Non-Power-of-Two Number of Processes}{subsection.2.6}% 26
\BOOKMARK [3][-]{subsubsection.2.6.3}{In Search of the Best MPI-OpenMP Distribution for Optimum Intel-MIC Cluster Performance}{subsection.2.6}% 27
