This is pdfTeX, Version 3.1415926-2.5-1.40.14 (TeX Live 2013) (format=pdflatex 2013.5.30)  25 APR 2014 14:59
entering extended mode
 restricted \write18 enabled.
 %&-line parsing enabled.
**outline.tex
(./outline.tex
LaTeX2e <2011/06/27>
Babel <3.9f> and hyphenation patterns for 78 languages loaded.
(./sig-alternate.cls
(/usr/local/texlive/2013/texmf-dist/tex/latex/graphics/epsfig.sty
Package: epsfig 1999/02/16 v1.7a (e)psfig emulation (SPQR)

(/usr/local/texlive/2013/texmf-dist/tex/latex/graphics/graphicx.sty
Package: graphicx 1999/02/16 v1.0f Enhanced LaTeX Graphics (DPC,SPQR)

(/usr/local/texlive/2013/texmf-dist/tex/latex/graphics/keyval.sty
Package: keyval 1999/03/16 v1.13 key=value parser (DPC)
\KV@toks@=\toks14
)
(/usr/local/texlive/2013/texmf-dist/tex/latex/graphics/graphics.sty
Package: graphics 2009/02/05 v1.0o Standard LaTeX Graphics (DPC,SPQR)

(/usr/local/texlive/2013/texmf-dist/tex/latex/graphics/trig.sty
Package: trig 1999/03/16 v1.09 sin cos tan (DPC)
)
(/usr/local/texlive/2013/texmf-dist/tex/latex/latexconfig/graphics.cfg
File: graphics.cfg 2010/04/23 v1.9 graphics configuration of TeX Live
)
Package graphics Info: Driver file: pdftex.def on input line 91.

(/usr/local/texlive/2013/texmf-dist/tex/latex/pdftex-def/pdftex.def
File: pdftex.def 2011/05/27 v0.06d Graphics/color for pdfTeX

(/usr/local/texlive/2013/texmf-dist/tex/generic/oberdiek/infwarerr.sty
Package: infwarerr 2010/04/08 v1.3 Providing info/warning/error messages (HO)
)
(/usr/local/texlive/2013/texmf-dist/tex/generic/oberdiek/ltxcmds.sty
Package: ltxcmds 2011/11/09 v1.22 LaTeX kernel commands for general use (HO)
)
\Gread@gobject=\count79
))
\Gin@req@height=\dimen102
\Gin@req@width=\dimen103
)
\epsfxsize=\dimen104
\epsfysize=\dimen105
)
(/usr/local/texlive/2013/texmf-dist/tex/latex/amsfonts/amssymb.sty
Package: amssymb 2013/01/14 v3.01 AMS font symbols

(/usr/local/texlive/2013/texmf-dist/tex/latex/amsfonts/amsfonts.sty
Package: amsfonts 2013/01/14 v3.01 Basic AMSFonts support
\@emptytoks=\toks15
\symAMSa=\mathgroup4
\symAMSb=\mathgroup5
LaTeX Font Info:    Overwriting math alphabet `\mathfrak' in version `bold'
(Font)                  U/euf/m/n --> U/euf/b/n on input line 106.
))
(/usr/local/texlive/2013/texmf-dist/tex/latex/amsmath/amsmath.sty
Package: amsmath 2013/01/14 v2.14 AMS math features
\@mathmargin=\skip41

For additional information on amsmath, use the `?' option.
(/usr/local/texlive/2013/texmf-dist/tex/latex/amsmath/amstext.sty
Package: amstext 2000/06/29 v2.01

(/usr/local/texlive/2013/texmf-dist/tex/latex/amsmath/amsgen.sty
File: amsgen.sty 1999/11/30 v2.0
\@emptytoks=\toks16
\ex@=\dimen106
))
(/usr/local/texlive/2013/texmf-dist/tex/latex/amsmath/amsbsy.sty
Package: amsbsy 1999/11/29 v1.2d
\pmbraise@=\dimen107
)
(/usr/local/texlive/2013/texmf-dist/tex/latex/amsmath/amsopn.sty
Package: amsopn 1999/12/14 v2.01 operator names
)
\inf@bad=\count80
LaTeX Info: Redefining \frac on input line 210.
\uproot@=\count81
\leftroot@=\count82
LaTeX Info: Redefining \overline on input line 306.
\classnum@=\count83
\DOTSCASE@=\count84
LaTeX Info: Redefining \ldots on input line 378.
LaTeX Info: Redefining \dots on input line 381.
LaTeX Info: Redefining \cdots on input line 466.
\Mathstrutbox@=\box26
\strutbox@=\box27
\big@size=\dimen108
LaTeX Font Info:    Redeclaring font encoding OML on input line 566.
LaTeX Font Info:    Redeclaring font encoding OMS on input line 567.
\macc@depth=\count85
\c@MaxMatrixCols=\count86
\dotsspace@=\muskip10
\c@parentequation=\count87
\dspbrk@lvl=\count88
\tag@help=\toks17
\row@=\count89
\column@=\count90
\maxfields@=\count91
\andhelp@=\toks18
\eqnshift@=\dimen109
\alignsep@=\dimen110
\tagshift@=\dimen111
\tagwidth@=\dimen112
\totwidth@=\dimen113
\lineht@=\dimen114
\@envbody=\toks19
\multlinegap=\skip42
\multlinetaggap=\skip43
\mathdisplay@stack=\toks20
LaTeX Info: Redefining \[ on input line 2665.
LaTeX Info: Redefining \] on input line 2666.
)
Document Class 'sig-alternate' <23rd. May '12>. Modified by G.K.M. Tobin/Gerry 
Murray
Based in part upon document Style `acmconf' <22 May 89>. Hacked 4/91 by
shivers@cs.cmu.edu, 4/93 by theobald@cs.mcgill.ca
Excerpts were taken from (Journal Style) 'esub2acm.cls'.
****** Bugs/comments/suggestions/technicalities to Gerry Murray -- murray@hq.ac
m.org ******
Questions on the style, SIGS policies, etc. to Adrienne Griscti griscti@acm.org

\footheight=\dimen115
\@maxsep=\dimen116
\@dblmaxsep=\dimen117
\aucount=\count92
\originalaucount=\count93
\auwidth=\dimen118
\auskip=\dimen119
\auskipcount=\count94
\auskip=\dimen120
\allauboxes=\dimen121
\addauthors=\toks21
\addauflag=\count95
\subtitletext=\toks22
\savesection=\count96
\sectioncntr=\count97
\c@figure=\count98
\c@table=\count99
\titleboxnotes=\toks23
\titleboxnoteflag=\count100
Document Class: sig-alternate 2012/05/23 - V2.5 - based on acmproc.cls V1.3 <No
v. 30 '99>
(/usr/local/texlive/2013/texmf-dist/tex/latex/base/latexsym.sty
Package: latexsym 1998/08/17 v2.2e Standard LaTeX package (lasy symbols)
\symlasy=\mathgroup6
LaTeX Font Info:    Overwriting symbol font `lasy' in version `bold'
(Font)                  U/lasy/m/n --> U/lasy/b/n on input line 47.
)
\@acmtitlebox=\box28
\titlenotecount=\count101
\tntoks=\toks24
\tntokstwo=\toks25
\tntoksthree=\toks26
\tntoksfour=\toks27
\tntoksfive=\toks28
\catcount=\count102
\copyrightnotice=\toks29
\conf=\toks30
\confinfo=\toks31
\c@part=\count103
\c@section=\count104
\c@subsection=\count105
\c@subsubsection=\count106
\c@paragraph=\count107

Using 'Abbrev' bibliography style
LaTeX Info: Redefining \cite on input line 1211.
\bibindent=\dimen122
\colcntr=\count108
\saveb@x=\box29
\copyrtyr=\toks32
\acmcopyr=\toks33
\boilerplate=\toks34
\copyrightetc=\toks35
(/usr/local/texlive/2013/texmf-dist/tex/latex/base/fontenc.sty
Package: fontenc 2005/09/27 v1.99g Standard LaTeX package

(/usr/local/texlive/2013/texmf-dist/tex/latex/base/t1enc.def
File: t1enc.def 2005/09/27 v1.99g Standard LaTeX file
LaTeX Font Info:    Redeclaring font encoding T1 on input line 43.
)
LaTeX Font Info:    Try loading font information for T1+aer on input line 100.

(/usr/local/texlive/2013/texmf-dist/tex/latex/ae/t1aer.fd
File: t1aer.fd 1997/11/16 Font definitions for T1/aer.
)))
(/usr/local/texlive/2013/texmf-dist/tex/latex/pdfpages/pdfpages.sty
Package: pdfpages 2012/08/31 v0.4t Insert pages of external PDF documents (AM)

(/usr/local/texlive/2013/texmf-dist/tex/latex/base/ifthen.sty
Package: ifthen 2001/05/26 v1.1c Standard LaTeX ifthen package (DPC)
)
(/usr/local/texlive/2013/texmf-dist/tex/latex/tools/calc.sty
Package: calc 2007/08/22 v4.3 Infix arithmetic (KKT,FJ)
\calc@Acount=\count109
\calc@Bcount=\count110
\calc@Adimen=\dimen123
\calc@Bdimen=\dimen124
\calc@Askip=\skip44
\calc@Bskip=\skip45
LaTeX Info: Redefining \setlength on input line 76.
LaTeX Info: Redefining \addtolength on input line 77.
\calc@Ccount=\count111
\calc@Cskip=\skip46
)
(/usr/local/texlive/2013/texmf-dist/tex/latex/eso-pic/eso-pic.sty
Package: eso-pic 2010/10/06 v2.0c eso-pic (RN)

(/usr/local/texlive/2013/texmf-dist/tex/generic/oberdiek/atbegshi.sty
Package: atbegshi 2011/10/05 v1.16 At begin shipout hook (HO)

(/usr/local/texlive/2013/texmf-dist/tex/generic/oberdiek/ifpdf.sty
Package: ifpdf 2011/01/30 v2.3 Provides the ifpdf switch (HO)
Package ifpdf Info: pdfTeX in PDF mode is detected.
))
(/usr/local/texlive/2013/texmf-dist/tex/latex/xcolor/xcolor.sty
Package: xcolor 2007/01/21 v2.11 LaTeX color extensions (UK)

(/usr/local/texlive/2013/texmf-dist/tex/latex/latexconfig/color.cfg
File: color.cfg 2007/01/18 v1.5 color configuration of teTeX/TeXLive
)
Package xcolor Info: Driver file: pdftex.def on input line 225.
Package xcolor Info: Model `cmy' substituted by `cmy0' on input line 1337.
Package xcolor Info: Model `hsb' substituted by `rgb' on input line 1341.
Package xcolor Info: Model `RGB' extended on input line 1353.
Package xcolor Info: Model `HTML' substituted by `rgb' on input line 1355.
Package xcolor Info: Model `Hsb' substituted by `hsb' on input line 1356.
Package xcolor Info: Model `tHsb' substituted by `hsb' on input line 1357.
Package xcolor Info: Model `HSB' substituted by `hsb' on input line 1358.
Package xcolor Info: Model `Gray' substituted by `gray' on input line 1359.
Package xcolor Info: Model `wave' substituted by `hsb' on input line 1360.
))
(/usr/local/texlive/2013/texmf-dist/tex/latex/pdfpages/pppdftex.def
File: pppdftex.def 2012/08/31 v0.4t Pdfpages driver for pdfTeX (AM)
)
\AM@pagebox=\box30
\AM@toc@title=\toks36
\c@AM@survey=\count112
\AM@templatesizebox=\box31
)
(/usr/local/texlive/2013/texmf-dist/tex/latex/base/alltt.sty
Package: alltt 1997/06/16 v2.0g defines alltt environment
)
(/usr/local/texlive/2013/texmf-dist/tex/latex/oberdiek/epstopdf.sty
Package: epstopdf 2010/02/09 v2.5 Conversion with epstopdf on the fly (HO)

(/usr/local/texlive/2013/texmf-dist/tex/latex/oberdiek/epstopdf-base.sty
Package: epstopdf-base 2010/02/09 v2.5 Base part for package epstopdf

(/usr/local/texlive/2013/texmf-dist/tex/latex/oberdiek/grfext.sty
Package: grfext 2010/08/19 v1.1 Manage graphics extensions (HO)

(/usr/local/texlive/2013/texmf-dist/tex/generic/oberdiek/kvdefinekeys.sty
Package: kvdefinekeys 2011/04/07 v1.3 Define keys (HO)
))
(/usr/local/texlive/2013/texmf-dist/tex/latex/oberdiek/kvoptions.sty
Package: kvoptions 2011/06/30 v3.11 Key value format for package options (HO)

(/usr/local/texlive/2013/texmf-dist/tex/generic/oberdiek/kvsetkeys.sty
Package: kvsetkeys 2012/04/25 v1.16 Key value parser (HO)

(/usr/local/texlive/2013/texmf-dist/tex/generic/oberdiek/etexcmds.sty
Package: etexcmds 2011/02/16 v1.5 Avoid name clashes with e-TeX commands (HO)

(/usr/local/texlive/2013/texmf-dist/tex/generic/oberdiek/ifluatex.sty
Package: ifluatex 2010/03/01 v1.3 Provides the ifluatex switch (HO)
Package ifluatex Info: LuaTeX not detected.
)
Package etexcmds Info: Could not find \expanded.
(etexcmds)             That can mean that you are not using pdfTeX 1.50 or
(etexcmds)             that some package has redefined \expanded.
(etexcmds)             In the latter case, load this package earlier.
)))
(/usr/local/texlive/2013/texmf-dist/tex/generic/oberdiek/pdftexcmds.sty
Package: pdftexcmds 2011/11/29 v0.20 Utility functions of pdfTeX for LuaTeX (HO
)
Package pdftexcmds Info: LuaTeX not detected.
Package pdftexcmds Info: \pdf@primitive is available.
Package pdftexcmds Info: \pdf@ifprimitive is available.
Package pdftexcmds Info: \pdfdraftmode found.
)
Package grfext Info: Graphics extension search list:
(grfext)             [.png,.pdf,.jpg,.mps,.jpeg,.jbig2,.jb2,.PNG,.PDF,.JPG,.JPE
G,.JBIG2,.JB2,.eps]
(grfext)             \AppendGraphicsExtensions on input line 452.

(/usr/local/texlive/2013/texmf-dist/tex/latex/latexconfig/epstopdf-sys.cfg
File: epstopdf-sys.cfg 2010/07/13 v1.3 Configuration of (r)epstopdf for TeX Liv
e
)))
(/usr/local/texlive/2013/texmf-dist/tex/latex/tools/xspace.sty
Package: xspace 2009/10/20 v1.13 Space after command names (DPC,MH)
)
(/usr/local/texlive/2013/texmf-dist/tex/latex/colortbl/colortbl.sty
Package: colortbl 2012/02/13 v1.0a Color table columns (DPC)

(/usr/local/texlive/2013/texmf-dist/tex/latex/tools/array.sty
Package: array 2008/09/09 v2.4c Tabular extension package (FMi)
\col@sep=\dimen125
\extrarowheight=\dimen126
\NC@list=\toks37
\extratabsurround=\skip47
\backup@length=\skip48
)
\everycr=\toks38
\minrowclearance=\skip49
)
(/usr/local/texlive/2013/texmf-dist/tex/generic/babel/babel.sty
Package: babel 2013/05/16 v3.9f The Babel package

(/usr/local/texlive/2013/texmf-dist/tex/generic/babel-english/english.ldf
Language: english 2012/08/20 v3.3p English support from the babel system

(/usr/local/texlive/2013/texmf-dist/tex/generic/babel/babel.def
File: babel.def 2013/05/16 v3.9f Babel common definitions
\babel@savecnt=\count113
\U@D=\dimen127
)
\l@canadian = a dialect from \language\l@american 
\l@australian = a dialect from \language\l@british 
\l@newzealand = a dialect from \language\l@british 
)
(/usr/local/texlive/2013/texmf-dist/tex/generic/babel-english/english.ldf
Language: english 2012/08/20 v3.3p English support from the babel system
))

Package Babel Warning: The package option `english' should not be used
(Babel)                with a more specific one (like `USenglish') on input lin
e 8.

(/usr/local/texlive/2013/texmf-dist/tex/latex/multirow/multirow.sty
\bigstrutjot=\dimen128
)
(/usr/local/texlive/2013/texmf-dist/tex/latex/url/url.sty
\Urlmuskip=\muskip11
Package: url 2006/04/12  ver 3.3  Verb mode for urls, etc.
)
(/usr/local/texlive/2013/texmf-dist/tex/latex/subfigure/subfigure.sty
Package: subfigure 2002/03/15 v2.1.5 subfigure package
\subfigtopskip=\skip50
\subfigcapskip=\skip51
\subfigcaptopadj=\dimen129
\subfigbottomskip=\skip52
\subfigcapmargin=\dimen130
\subfiglabelskip=\skip53
\c@subfigure=\count114
\c@lofdepth=\count115
\c@subtable=\count116
\c@lotdepth=\count117

****************************************
* Local config file subfigure.cfg used *
****************************************
(/usr/local/texlive/2013/texmf-dist/tex/latex/subfigure/subfigure.cfg)
\subfig@top=\skip54
\subfig@bottom=\skip55
)
(/usr/local/texlive/2013/texmf-dist/tex/latex/fmtcount/fmtcount.sty
Package: fmtcount 2012/10/24 v2.02

(/usr/local/texlive/2013/texmf-dist/tex/latex/etoolbox/etoolbox.sty
Package: etoolbox 2011/01/03 v2.1 e-TeX tools for LaTeX

(/usr/local/texlive/2013/texmf-dist/tex/latex/etex-pkg/etex.sty
Package: etex 1998/03/26 v2.0 eTeX basic definition package (PEB)
\et@xins=\count118
)
\etb@tempcnta=\count119
)
(/usr/local/texlive/2013/texmf-dist/tex/latex/fmtcount/fcprefix.sty
Package: fcprefix 2012/09/28

(/usr/local/texlive/2013/texmf-dist/tex/latex/fmtcount/fcnumparser.sty
Package: fcnumparser 2012/09/28
\fc@digit@counter=\count120
))
\c@padzeroesN=\count121
\fc@tmpcatcode=\count122

(/usr/local/texlive/2013/texmf-dist/tex/latex/fmtcount/fc-english.def
File: fc-english.def 2012/06/18
)
\@DT@modctr=\count123
\@ordinalctr=\count124
\@orgargctr=\count125
\@strctr=\count126
\@tmpstrctr=\count127
\@DT@loopN=\count128
\@DT@X=\count129
)
(/usr/local/texlive/2013/texmf-dist/tex/latex/amsfonts/eucal.sty
Package: eucal 2009/06/22 v3.00 Euler Script fonts
LaTeX Font Info:    Overwriting math alphabet `\EuScript' in version `bold'
(Font)                  U/eus/m/n --> U/eus/b/n on input line 33.
)
(/usr/local/texlive/2013/texmf-dist/tex/latex/tools/bm.sty
Package: bm 2004/02/26 v1.1c Bold Symbol Support (DPC/FMi)
\symboldoperators=\mathgroup7
\symboldletters=\mathgroup8
\symboldsymbols=\mathgroup9
\symboldlasy=\mathgroup10
LaTeX Font Info:    Redeclaring math alphabet \mathbf on input line 138.
LaTeX Info: Redefining \bm on input line 204.
)
(/usr/local/texlive/2013/texmf-dist/tex/latex/cite/cite.sty
LaTeX Info: Redefining \cite on input line 302.
LaTeX Info: Redefining \nocite on input line 373.
Package: cite 2010/09/10  v 5.3
)
(/usr/local/texlive/2013/texmf-dist/tex/latex/algorithm2e/algorithm2e.sty
Package: algorithm2e 2013/01/06 v5.00 algorithms environments
\c@AlgoLine=\count130

(/usr/local/texlive/2013/texmf-dist/tex/latex/relsize/relsize.sty
Package: relsize 2013/03/29 ver 4.1
)
********************************************************
Package `algorithm2e' Release 5.0 -- january 06 2013 --
- algorithm2e-announce@lirmm.fr mailing list for announcement about releases
- algorithm2e-discussion@lirmm.fr mailing list for discussion about package
subscribe by emailing sympa@lirmm.fr with 'subscribe <list> <firstname name>'
- Author: Christophe Fiorio (cfiorio@um2.fr)
********************************************************
\skiptotal=\skip56
\skiplinenumber=\skip57
\skiprule=\skip58
\skiphlne=\skip59
\skiptext=\skip60
\skiplength=\skip61
\algomargin=\skip62
\skipalgocfslide=\skip63
\algowidth=\dimen131
\inoutsize=\dimen132
\inoutindent=\dimen133
\interspacetitleruled=\dimen134
\interspacealgoruled=\dimen135
\interspacetitleboxruled=\dimen136
\algocf@inoutbox=\box32
\algocf@inputbox=\box33
\AlCapSkip=\skip64
\AlCapHSkip=\skip65
\algoskipindent=\skip66
\algocf@nlbox=\box34
\algocf@hangingbox=\box35
\algocf@untilbox=\box36
\algocf@skipuntil=\skip67
\algocf@capbox=\box37
\algoheightruledefault=\skip68
\algoheightrule=\skip69
\algotitleheightruledefault=\skip70
\algotitleheightrule=\skip71
\c@algocfline=\count131
\c@algocfproc=\count132
\c@algocf=\count133
\algocf@algoframe=\box38
\algocf@algobox=\box39
) (./outline.aux)
\openout1 = `outline.aux'.

LaTeX Font Info:    Checking defaults for OML/cmm/m/it on input line 82.
LaTeX Font Info:    ... okay on input line 82.
LaTeX Font Info:    Checking defaults for T1/cmr/m/n on input line 82.
LaTeX Font Info:    ... okay on input line 82.
LaTeX Font Info:    Checking defaults for OT1/cmr/m/n on input line 82.
LaTeX Font Info:    ... okay on input line 82.
LaTeX Font Info:    Checking defaults for OMS/cmsy/m/n on input line 82.
LaTeX Font Info:    ... okay on input line 82.
LaTeX Font Info:    Checking defaults for OMX/cmex/m/n on input line 82.
LaTeX Font Info:    ... okay on input line 82.
LaTeX Font Info:    Checking defaults for U/cmr/m/n on input line 82.
LaTeX Font Info:    ... okay on input line 82.

(/usr/local/texlive/2013/texmf-dist/tex/context/base/supp-pdf.mkii
[Loading MPS to PDF converter (version 2006.09.02).]
\scratchcounter=\count134
\scratchdimen=\dimen137
\scratchbox=\box40
\nofMPsegments=\count135
\nofMParguments=\count136
\everyMPshowfont=\toks39
\MPscratchCnt=\count137
\MPscratchDim=\dimen138
\MPnumerator=\count138
\makeMPintoPDFobject=\count139
\everyMPtoPDFconversion=\toks40
)
\AtBeginShipoutBox=\box41
\c@theorem=\count140
\c@example=\count141
\c@definition=\count142
\c@proposition=\count143
\c@lemma=\count144
\c@corollary=\count145
LaTeX Font Info:    Try loading font information for U+msa on input line 215.
 (/usr/local/texlive/2013/texmf-dist/tex/latex/amsfonts/umsa.fd
File: umsa.fd 2013/01/14 v3.01 AMS symbols A
)
LaTeX Font Info:    Try loading font information for U+msb on input line 215.

(/usr/local/texlive/2013/texmf-dist/tex/latex/amsfonts/umsb.fd
File: umsb.fd 2013/01/14 v3.01 AMS symbols B
)
LaTeX Font Info:    Try loading font information for U+lasy on input line 215.

(/usr/local/texlive/2013/texmf-dist/tex/latex/base/ulasy.fd
File: ulasy.fd 1998/08/17 v2.2e LaTeX symbol font definitions
)
LaTeX Font Info:    Font shape `U/lasy/b/n' in size <9> not available
(Font)              Font shape `U/lasy/m/n' tried instead on input line 215.
LaTeX Font Info:    Font shape `U/lasy/b/n' in size <6> not available
(Font)              Font shape `U/lasy/m/n' tried instead on input line 215.
LaTeX Font Info:    Font shape `U/lasy/b/n' in size <5> not available
(Font)              Font shape `U/lasy/m/n' tried instead on input line 215.
 (./abstract.tex)
(./introduction.tex
LaTeX Font Info:    Try loading font information for T1+aess on input line 32.
 (/usr/local/texlive/2013/texmf-dist/tex/latex/ae/t1aess.fd
File: t1aess.fd 1997/11/16 Font definitions for T1/aess.
)
LaTeX Font Info:    Try loading font information for T1+aett on input line 32.
(/usr/local/texlive/2013/texmf-dist/tex/latex/ae/t1aett.fd
File: t1aett.fd 1997/11/16 Font definitions for T1/aett.
) [1{/usr/local/texlive/2013/texmf-var/fonts/map/pdftex/updmap/pdftex.map}


Non-PDF special ignored!

]) (./problem.tex
<figs/new-example.pdf, id=17, 679.53876pt x 276.03125pt>
File: figs/new-example.pdf Graphic file (type pdf)

<use figs/new-example.pdf>
Package pdftex.def Info: figs/new-example.pdf used on input line 70.
(pdftex.def)             Requested size: 237.84213pt x 96.61238pt.
) (./architecture.tex [2 <./figs/new-example.pdf>]
<figs/newarch.pdf, id=54, 574.145pt x 274.02374pt>
File: figs/newarch.pdf Graphic file (type pdf)
 <use figs/newarch.pdf>
Package pdftex.def Info: figs/newarch.pdf used on input line 22.
(pdftex.def)             Requested size: 229.65393pt x 109.60754pt.


LaTeX Warning: Citation `journals/pvldb/KopckeTR10' on page \thepage  undefined
 on input line 107.

) (./framework.tex
Underfull \vbox (badness 3407) has occurred while \output is active []

 [3 <./figs/newarch.pdf>]

LaTeX Font Warning: Command \small invalid in math mode on input line 15.

LaTeX Font Info:    Font shape `U/lasy/b/n' in size <8> not available
(Font)              Font shape `U/lasy/m/n' tried instead on input line 16.
LaTeX Font Info:    Calculating math sizes for size <> on input line 17.

LaTeX Font Warning: Font shape `OT1/cmr/m/n' in size <> not available
(Font)              size <5> substituted on input line 17.


LaTeX Font Warning: Font shape `OT1/cmr/m/n' in size <0.7> not available
(Font)              size <5> substituted on input line 17.


LaTeX Font Warning: Font shape `OT1/cmr/m/n' in size <0.5> not available
(Font)              size <5> substituted on input line 17.


LaTeX Font Warning: Font shape `OML/cmm/m/it' in size <> not available
(Font)              size <5> substituted on input line 17.


LaTeX Font Warning: Font shape `OML/cmm/m/it' in size <0.7> not available
(Font)              size <5> substituted on input line 17.


LaTeX Font Warning: Font shape `OML/cmm/m/it' in size <0.5> not available
(Font)              size <5> substituted on input line 17.


LaTeX Font Warning: Font shape `OMS/cmsy/m/n' in size <> not available
(Font)              size <5> substituted on input line 17.


LaTeX Font Warning: Font shape `OMS/cmsy/m/n' in size <0.7> not available
(Font)              size <5> substituted on input line 17.


LaTeX Font Warning: Font shape `OMS/cmsy/m/n' in size <0.5> not available
(Font)              size <5> substituted on input line 17.


LaTeX Font Warning: Font shape `U/lasy/m/n' in size <> not available
(Font)              size <5> substituted on input line 17.


LaTeX Font Warning: Font shape `U/lasy/m/n' in size <0.7> not available
(Font)              size <5> substituted on input line 17.


LaTeX Font Warning: Font shape `U/lasy/m/n' in size <0.5> not available
(Font)              size <5> substituted on input line 17.


LaTeX Font Warning: Font shape `OT1/cmr/bx/n' in size <> not available
(Font)              size <5> substituted on input line 17.


LaTeX Font Warning: Font shape `OT1/cmr/bx/n' in size <0.7> not available
(Font)              size <5> substituted on input line 17.


LaTeX Font Warning: Font shape `OT1/cmr/bx/n' in size <0.5> not available
(Font)              size <5> substituted on input line 17.


LaTeX Font Warning: Font shape `OML/cmm/b/it' in size <> not available
(Font)              size <5> substituted on input line 17.


LaTeX Font Warning: Font shape `OML/cmm/b/it' in size <0.7> not available
(Font)              size <5> substituted on input line 17.


LaTeX Font Warning: Font shape `OML/cmm/b/it' in size <0.5> not available
(Font)              size <5> substituted on input line 17.


LaTeX Font Warning: Font shape `OMS/cmsy/b/n' in size <> not available
(Font)              size <5> substituted on input line 17.


LaTeX Font Warning: Font shape `OMS/cmsy/b/n' in size <0.7> not available
(Font)              size <5> substituted on input line 17.


LaTeX Font Warning: Font shape `OMS/cmsy/b/n' in size <0.5> not available
(Font)              size <5> substituted on input line 17.

LaTeX Font Info:    Font shape `U/lasy/b/n' in size <> not available
(Font)              Font shape `U/lasy/m/n' tried instead on input line 17.

LaTeX Font Warning: Font shape `U/lasy/m/n' in size <> not available
(Font)              size <5> substituted on input line 17.

LaTeX Font Info:    Font shape `U/lasy/b/n' in size <0.7> not available
(Font)              Font shape `U/lasy/m/n' tried instead on input line 17.

LaTeX Font Warning: Font shape `U/lasy/m/n' in size <0.7> not available
(Font)              size <5> substituted on input line 17.

LaTeX Font Info:    Font shape `U/lasy/b/n' in size <0.5> not available
(Font)              Font shape `U/lasy/m/n' tried instead on input line 17.

LaTeX Font Warning: Font shape `U/lasy/m/n' in size <0.5> not available
(Font)              size <5> substituted on input line 17.

LaTeX Font Info:    Font shape `U/lasy/b/n' in size <7> not available
(Font)              Font shape `U/lasy/m/n' tried instead on input line 18.

LaTeX Font Warning: Command \small invalid in math mode on input line 19.


LaTeX Font Warning: Command \small invalid in math mode on input line 38.


LaTeX Font Warning: Command \small invalid in math mode on input line 105.

[4]

LaTeX Font Warning: Font shape `T1/aett/bx/n' undefined
(Font)              using `T1/aett/m/n' instead on input line 207.

[5] <figs/sample.pdf, id=153, 441.65pt x 234.8775pt>
File: figs/sample.pdf Graphic file (type pdf)
 <use figs/sample.pdf>
Package pdftex.def Info: figs/sample.pdf used on input line 276.
(pdftex.def)             Requested size: 198.74066pt x 105.6939pt.

Underfull \hbox (badness 2111) in paragraph at lines 277--277
[]\T1/aer/bx/n/9 Figure 3: The clean-ing re-sults for the sam-
 []


Underfull \hbox (badness 6825) in paragraph at lines 277--277
\T1/aer/bx/n/9 ple $\OML/cmm/m/it/9 S \OT1/cmr/m/n/9 = \OMS/cmsy/m/n/9 f\OML/cm
m/m/it/9 t[]; t[]; t[]; t[]; t[]; t[]; t[]\OMS/cmsy/m/n/9 g$ \T1/aer/bx/n/9 w.r
.t ``SE-LECT
 []


Underfull \hbox (badness 10000) in paragraph at lines 277--277
\T1/aess/bx/n/9 AVG\T1/aer/bx/n/9 (citation_count) FROM pa-pers WHERE
 []

) (./algorithms.tex

LaTeX Font Warning: Command \scriptsize invalid in math mode on input line 31.


Overfull \hbox (14.83234pt too wide) detected at line 32
\OML/cmm/m/it/9 Q \OT1/cmr/m/n/9 = \OMS/cmsy/m/n/9 f\OML/cmm/m/it/9 ^^^\OT1/cmr
/m/n/9 (\OML/cmm/m/it/9 t[]\OT1/cmr/m/n/9 ) \OMS/cmsy/m/n/9 ^^@ \OML/cmm/m/it/9
 ^^^[]\OT1/cmr/m/n/9 (\OML/cmm/m/it/9 t[]\OT1/cmr/m/n/9 )\OML/cmm/m/it/9 ; ^^^\
OT1/cmr/m/n/9 (\OML/cmm/m/it/9 t[]\OT1/cmr/m/n/9 ) \OMS/cmsy/m/n/9 ^^@ \OML/cmm
/m/it/9 ^^^[]\OT1/cmr/m/n/9 (\OML/cmm/m/it/9 t[]\OT1/cmr/m/n/9 )\OML/cmm/m/it/9
 ; []  ;  ^^^\OT1/cmr/m/n/9 (\OML/cmm/m/it/9 t[]\OT1/cmr/m/n/9 ) \OMS/cmsy/m/n/
9 ^^@ \OML/cmm/m/it/9 ^^^[]\OT1/cmr/m/n/9 (\OML/cmm/m/it/9 t[]\OT1/cmr/m/n/9 )\
OMS/cmsy/m/n/9 g
 []

[6 <./figs/sample.pdf>]) (./experiment.tex
Package epstopdf Info: Source file: <exp/allerror-percent.eps>
(epstopdf)                    date: 2013-12-09 16:28:48
(epstopdf)                    size: 20130 bytes
(epstopdf)             Output file: <exp/allerror-percent-eps-converted-to.pdf>

(epstopdf)                    date: 2013-12-09 16:28:54
(epstopdf)                    size: 14603 bytes
(epstopdf)             Command: <repstopdf --outfile=exp/allerror-percent-eps-c
onverted-to.pdf exp/allerror-percent.eps>
(epstopdf)             \includegraphics on input line 23.
Package epstopdf Info: Output file is already uptodate.

<exp/allerror-percent-eps-converted-to.pdf, id=203, 1440.38126pt x 298.11375pt>
File: exp/allerror-percent-eps-converted-to.pdf Graphic file (type pdf)
<use exp/allerror-percent-eps-converted-to.pdf>
Package pdftex.def Info: exp/allerror-percent-eps-converted-to.pdf used on inpu
t line 23.
(pdftex.def)             Requested size: 504.14099pt x 104.34137pt.

Overfull \hbox (6.87195pt too wide) in paragraph at lines 31--38
[]\T1/aer/m/n/9 We gen-er-ated a 1GB TPC-H bench-mark[] dataset (6,001,199
 []

[7]
Package epstopdf Info: Source file: <exp/allerror-samplesize.eps>
(epstopdf)                    date: 2013-12-09 16:25:51
(epstopdf)                    size: 15548 bytes
(epstopdf)             Output file: <exp/allerror-samplesize-eps-converted-to.p
df>
(epstopdf)                    date: 2013-12-09 16:25:54
(epstopdf)                    size: 12092 bytes
(epstopdf)             Command: <repstopdf --outfile=exp/allerror-samplesize-ep
s-converted-to.pdf exp/allerror-samplesize.eps>
(epstopdf)             \includegraphics on input line 165.
Package epstopdf Info: Output file is already uptodate.

<exp/allerror-samplesize-eps-converted-to.pdf, id=208, 913.4125pt x 318.18875pt
>
File: exp/allerror-samplesize-eps-converted-to.pdf Graphic file (type pdf)
 <use exp/allerror-samplesize-eps-converted-to.pdf>
Package pdftex.def Info: exp/allerror-samplesize-eps-converted-to.pdf used on i
nput line 165.
(pdftex.def)             Requested size: 255.75375pt x 89.09224pt.
Package epstopdf Info: Source file: <exp/pk-alldirty-small-errors.eps>
(epstopdf)                    date: 2013-12-10 11:01:58
(epstopdf)                    size: 22683 bytes
(epstopdf)             Output file: <exp/pk-alldirty-small-errors-eps-converted
-to.pdf>
(epstopdf)                    date: 2013-12-10 11:02:25
(epstopdf)                    size: 11883 bytes
(epstopdf)             Command: <repstopdf --outfile=exp/pk-alldirty-small-erro
rs-eps-converted-to.pdf exp/pk-alldirty-small-errors.eps>
(epstopdf)             \includegraphics on input line 210.
Package epstopdf Info: Output file is already uptodate.

<exp/pk-alldirty-small-errors-eps-converted-to.pdf, id=209, 1444.39626pt x 305.
14pt>
File: exp/pk-alldirty-small-errors-eps-converted-to.pdf Graphic file (type pdf)

 <use exp/pk-alldirty-small-errors-eps-converted-to.pdf>
Package pdftex.def Info: exp/pk-alldirty-small-errors-eps-converted-to.pdf used
 on input line 210.
(pdftex.def)             Requested size: 505.54626pt x 106.80058pt.
Package epstopdf Info: Source file: <exp/pk-alldirty.eps>
(epstopdf)                    date: 2013-12-09 16:36:02
(epstopdf)                    size: 22775 bytes
(epstopdf)             Output file: <exp/pk-alldirty-eps-converted-to.pdf>
(epstopdf)                    date: 2013-12-09 16:36:06
(epstopdf)                    size: 11956 bytes
(epstopdf)             Command: <repstopdf --outfile=exp/pk-alldirty-eps-conver
ted-to.pdf exp/pk-alldirty.eps>
(epstopdf)             \includegraphics on input line 217.
Package epstopdf Info: Output file is already uptodate.

<exp/pk-alldirty-eps-converted-to.pdf, id=210, 1444.39626pt x 328.22626pt>
File: exp/pk-alldirty-eps-converted-to.pdf Graphic file (type pdf)

<use exp/pk-alldirty-eps-converted-to.pdf>
Package pdftex.def Info: exp/pk-alldirty-eps-converted-to.pdf used on input lin
e 217.
(pdftex.def)             Requested size: 505.54626pt x 114.8809pt.

<exp/scalability-size-cleaning.pdf, id=211, 364.74066pt x 300.60616pt>
File: exp/scalability-size-cleaning.pdf Graphic file (type pdf)

<use exp/scalability-size-cleaning.pdf>
Package pdftex.def Info: exp/scalability-size-cleaning.pdf used on input line 2
41.
(pdftex.def)             Requested size: 145.89368pt x 120.24033pt.


LaTeX Warning: `h' float specifier changed to `ht'.

Package epstopdf Info: Source file: <exp/imperfect-cleaning-samplesize.eps>
(epstopdf)                    date: 2014-03-06 14:33:57
(epstopdf)                    size: 21986 bytes
(epstopdf)             Output file: <exp/imperfect-cleaning-samplesize-eps-conv
erted-to.pdf>
(epstopdf)                    date: 2014-03-11 22:19:08
(epstopdf)                    size: 16617 bytes
(epstopdf)             Command: <repstopdf --outfile=exp/imperfect-cleaning-sam
plesize-eps-converted-to.pdf exp/imperfect-cleaning-samplesize.eps>
(epstopdf)             \includegraphics on input line 249.
Package epstopdf Info: Output file is already uptodate.

<exp/imperfect-cleaning-samplesize-eps-converted-to.pdf, id=212, 1670.24pt x 35
2.31625pt>
File: exp/imperfect-cleaning-samplesize-eps-converted-to.pdf Graphic file (type
 pdf)
 <use exp/imperfect-cleaning-samplesize-eps-converted-to.pdf>
Package pdftex.def Info: exp/imperfect-cleaning-samplesize-eps-converted-to.pdf
 used on input line 249.
(pdftex.def)             Requested size: 517.76906pt x 109.2169pt.

[8 <./exp/allerror-percent-eps-converted-to.pdf> <./exp/allerror-samplesize-eps
-converted-to.pdf>]
Underfull \vbox (badness 10000) has occurred while \output is active []

Package epstopdf Info: Source file: <exp/msacademic-paper-count.eps>
(epstopdf)                    date: 2014-04-25 12:54:50
(epstopdf)                    size: 21550 bytes
(epstopdf)             Output file: <exp/msacademic-paper-count-eps-converted-t
o.pdf>
(epstopdf)                    date: 2014-04-25 14:21:30
(epstopdf)                    size: 12078 bytes
(epstopdf)             Command: <repstopdf --outfile=exp/msacademic-paper-count
-eps-converted-to.pdf exp/msacademic-paper-count.eps>
(epstopdf)             \includegraphics on input line 283.
Package epstopdf Info: Output file is already uptodate.

<exp/msacademic-paper-count-eps-converted-to.pdf, id=226, 1545.775pt x 343.2825
pt>
File: exp/msacademic-paper-count-eps-converted-to.pdf Graphic file (type pdf)
 <use exp/msacademic-paper-count-eps-converted-to.pdf>
Package pdftex.def Info: exp/msacademic-paper-count-eps-converted-to.pdf used o
n input line 283.
(pdftex.def)             Requested size: 541.02936pt x 120.15067pt.

Overfull \hbox (20.59554pt too wide) in paragraph at lines 282--284
[]|  [] 
 []

[9 <./exp/pk-alldirty-small-errors-eps-converted-to.pdf> <./exp/pk-alldirty-eps
-converted-to.pdf> <./exp/imperfect-cleaning-samplesize-eps-converted-to.pdf> <
./exp/scalability-size-cleaning.pdf>]
Package epstopdf Info: Source file: <exp/msacademic-paper-ranking.eps>
(epstopdf)                    date: 2014-04-25 14:58:49
(epstopdf)                    size: 17656 bytes
(epstopdf)             Output file: <exp/msacademic-paper-ranking-eps-converted
-to.pdf>
(epstopdf)                    date: 2014-04-25 14:59:01
(epstopdf)                    size: 24310 bytes
(epstopdf)             Command: <repstopdf --outfile=exp/msacademic-paper-ranki
ng-eps-converted-to.pdf exp/msacademic-paper-ranking.eps>
(epstopdf)             \includegraphics on input line 309.
Package epstopdf Info: Output file is already uptodate.

<exp/msacademic-paper-ranking-eps-converted-to.pdf, id=257, 525.965pt x 424.586
24pt>
File: exp/msacademic-paper-ranking-eps-converted-to.pdf Graphic file (type pdf)

 <use exp/msacademic-paper-ranking-eps-converted-to.pdf>
Package pdftex.def Info: exp/msacademic-paper-ranking-eps-converted-to.pdf used
 on input line 309.
(pdftex.def)             Requested size: 157.79071pt x 127.37685pt.
Package epstopdf Info: Source file: <exp/sensor-all-queries.eps>
(epstopdf)                    date: 2013-12-10 15:55:07
(epstopdf)                    size: 12738 bytes
(epstopdf)             Output file: <exp/sensor-all-queries-eps-converted-to.pd
f>
(epstopdf)                    date: 2013-12-10 16:00:21
(epstopdf)                    size: 9098 bytes
(epstopdf)             Command: <repstopdf --outfile=exp/sensor-all-queries-eps
-converted-to.pdf exp/sensor-all-queries.eps>
(epstopdf)             \includegraphics on input line 340.
Package epstopdf Info: Output file is already uptodate.

<exp/sensor-all-queries-eps-converted-to.pdf, id=258, 1643.13875pt x 290.08376p
t>
File: exp/sensor-all-queries-eps-converted-to.pdf Graphic file (type pdf)
 <use exp/sensor-all-queries-eps-converted-to.pdf>
Package pdftex.def Info: exp/sensor-all-queries-eps-converted-to.pdf used on in
put line 340.
(pdftex.def)             Requested size: 616.17554pt x 108.78113pt.

Overfull \hbox (54.22752pt too wide) in paragraph at lines 339--342
[]  [] 
 []

[10 <./exp/msacademic-paper-count-eps-converted-to.pdf> <./exp/msacademic-paper
-ranking-eps-converted-to.pdf>]) (./relatedwork.tex

LaTeX Warning: Citation `conf/icde/BethTMP13' on page \thepage  undefined on in
put line 11.


LaTeX Warning: Citation `conf/hdkm/Christen08' on page \thepage  undefined on i
nput line 11.


LaTeX Warning: Citation `conf/sigmod/WangLF12' on page \thepage  undefined on i
nput line 11.


LaTeX Warning: Citation `DBLP:conf/sigmod/WangLKFF13' on page \thepage  undefin
ed on input line 11.

) (./conclusion.tex [11 <./exp/sensor-all-queries-eps-converted-to.pdf>])
(./outline.bbl
LaTeX Font Info:    Calculating math sizes for size <6.8> on input line 105.


LaTeX Font Warning: Font shape `OT1/cmr/m/n' in size <3.4> not available
(Font)              size <5> substituted on input line 105.


LaTeX Font Warning: Font shape `OML/cmm/m/it' in size <3.4> not available
(Font)              size <5> substituted on input line 105.


LaTeX Font Warning: Font shape `OMS/cmsy/m/n' in size <3.4> not available
(Font)              size <5> substituted on input line 105.


LaTeX Font Warning: Font shape `U/lasy/m/n' in size <3.4> not available
(Font)              size <5> substituted on input line 105.


LaTeX Font Warning: Font shape `OT1/cmr/bx/n' in size <3.4> not available
(Font)              size <5> substituted on input line 105.


LaTeX Font Warning: Font shape `OML/cmm/b/it' in size <3.4> not available
(Font)              size <5> substituted on input line 105.


LaTeX Font Warning: Font shape `OMS/cmsy/b/n' in size <3.4> not available
(Font)              size <5> substituted on input line 105.

LaTeX Font Info:    Font shape `U/lasy/b/n' in size <6.8> not available
(Font)              Font shape `U/lasy/m/n' tried instead on input line 105.
LaTeX Font Info:    Font shape `U/lasy/b/n' in size <4.75998> not available
(Font)              Font shape `U/lasy/m/n' tried instead on input line 105.
LaTeX Font Info:    Font shape `U/lasy/b/n' in size <3.4> not available
(Font)              Font shape `U/lasy/m/n' tried instead on input line 105.

LaTeX Font Warning: Font shape `U/lasy/m/n' in size <3.4> not available
(Font)              size <5> substituted on input line 105.


Underfull \vbox (badness 10000) has occurred while \output is active []

 [12])
[13

] (./outline.aux)

LaTeX Font Warning: Size substitutions with differences
(Font)              up to 4.5pt have occurred.


LaTeX Font Warning: Some font shapes were not available, defaults substituted.


LaTeX Warning: There were undefined references.

 ) 
Here is how much of TeX's memory you used:
 7450 strings out of 493315
 101859 string characters out of 6137904
 217812 words of memory out of 5000000
 10610 multiletter control sequences out of 15000+600000
 98670 words of font info for 171 fonts, out of 8000000 for 9000
 957 hyphenation exceptions out of 8191
 42i,15n,39p,1447b,362s stack positions out of 5000i,500n,10000p,200000b,80000s
{/usr/local/texlive/2013/texmf-dist/fonts/enc/dvips/base/8r.enc}</usr/local/t
exlive/2013/texmf-dist/fonts/type1/public/amsfonts/cm/cmbx9.pfb></usr/local/tex
live/2013/texmf-dist/fonts/type1/public/amsfonts/cm/cmcsc10.pfb></usr/local/tex
live/2013/texmf-dist/fonts/type1/public/amsfonts/cmextra/cmex8.pfb></usr/local/
texlive/2013/texmf-dist/fonts/type1/public/amsfonts/cmextra/cmex9.pfb></usr/loc
al/texlive/2013/texmf-dist/fonts/type1/public/amsfonts/cm/cmitt10.pfb></usr/loc
al/texlive/2013/texmf-dist/fonts/type1/public/amsfonts/cm/cmmi5.pfb></usr/local
/texlive/2013/texmf-dist/fonts/type1/public/amsfonts/cm/cmmi6.pfb></usr/local/t
exlive/2013/texmf-dist/fonts/type1/public/amsfonts/cm/cmmi7.pfb></usr/local/tex
live/2013/texmf-dist/fonts/type1/public/amsfonts/cm/cmmi8.pfb></usr/local/texli
ve/2013/texmf-dist/fonts/type1/public/amsfonts/cm/cmmi9.pfb></usr/local/texlive
/2013/texmf-dist/fonts/type1/public/amsfonts/cm/cmmib10.pfb></usr/local/texlive
/2013/texmf-dist/fonts/type1/public/amsfonts/cm/cmr5.pfb></usr/local/texlive/20
13/texmf-dist/fonts/type1/public/amsfonts/cm/cmr6.pfb></usr/local/texlive/2013/
texmf-dist/fonts/type1/public/amsfonts/cm/cmr7.pfb></usr/local/texlive/2013/tex
mf-dist/fonts/type1/public/amsfonts/cm/cmr8.pfb></usr/local/texlive/2013/texmf-
dist/fonts/type1/public/amsfonts/cm/cmr9.pfb></usr/local/texlive/2013/texmf-dis
t/fonts/type1/public/amsfonts/cm/cmss9.pfb></usr/local/texlive/2013/texmf-dist/
fonts/type1/public/amsfonts/cm/cmssbx10.pfb></usr/local/texlive/2013/texmf-dist
/fonts/type1/public/amsfonts/cm/cmsy5.pfb></usr/local/texlive/2013/texmf-dist/f
onts/type1/public/amsfonts/cm/cmsy6.pfb></usr/local/texlive/2013/texmf-dist/fon
ts/type1/public/amsfonts/cm/cmsy8.pfb></usr/local/texlive/2013/texmf-dist/fonts
/type1/public/amsfonts/cm/cmsy9.pfb></usr/local/texlive/2013/texmf-dist/fonts/t
ype1/public/amsfonts/cm/cmti7.pfb></usr/local/texlive/2013/texmf-dist/fonts/typ
e1/public/amsfonts/cm/cmti9.pfb></usr/local/texlive/2013/texmf-dist/fonts/type1
/public/amsfonts/cm/cmtt8.pfb></usr/local/texlive/2013/texmf-dist/fonts/type1/p
ublic/amsfonts/cm/cmtt9.pfb></usr/local/texlive/2013/texmf-dist/fonts/type1/urw
/helvetic/uhvb8a.pfb></usr/local/texlive/2013/texmf-dist/fonts/type1/urw/helvet
ic/uhvr8a.pfb></usr/local/texlive/2013/texmf-dist/fonts/type1/urw/times/utmb8a.
pfb></usr/local/texlive/2013/texmf-dist/fonts/type1/urw/times/utmr8a.pfb></usr/
local/texlive/2013/texmf-dist/fonts/type1/urw/times/utmri8a.pfb>
Output written on outline.pdf (13 pages, 778703 bytes).
PDF statistics:
 386 PDF objects out of 1000 (max. 8388607)
 260 compressed objects within 3 object streams
 0 named destinations out of 1000 (max. 500000)
 61 words of extra memory for PDF output out of 10000 (max. 10000000)

