This is pdfTeX, Version 3.1415926-2.5-1.40.14 (TeX Live 2013) (format=pdflatex 2013.5.30)  3 DEC 2013 11:37
entering extended mode
 restricted \write18 enabled.
 %&-line parsing enabled.
**saqplus.tex
(./saqplus.tex
LaTeX2e <2011/06/27>
Babel <3.9f> and hyphenation patterns for 78 languages loaded.
(./sig-alternate.cls
(/usr/local/texlive/2013/texmf-dist/tex/latex/graphics/epsfig.sty
Package: epsfig 1999/02/16 v1.7a (e)psfig emulation (SPQR)

(/usr/local/texlive/2013/texmf-dist/tex/latex/graphics/graphicx.sty
Package: graphicx 1999/02/16 v1.0f Enhanced LaTeX Graphics (DPC,SPQR)

(/usr/local/texlive/2013/texmf-dist/tex/latex/graphics/keyval.sty
Package: keyval 1999/03/16 v1.13 key=value parser (DPC)
\KV@toks@=\toks14
)
(/usr/local/texlive/2013/texmf-dist/tex/latex/graphics/graphics.sty
Package: graphics 2009/02/05 v1.0o Standard LaTeX Graphics (DPC,SPQR)

(/usr/local/texlive/2013/texmf-dist/tex/latex/graphics/trig.sty
Package: trig 1999/03/16 v1.09 sin cos tan (DPC)
)
(/usr/local/texlive/2013/texmf-dist/tex/latex/latexconfig/graphics.cfg
File: graphics.cfg 2010/04/23 v1.9 graphics configuration of TeX Live
)
Package graphics Info: Driver file: pdftex.def on input line 91.

(/usr/local/texlive/2013/texmf-dist/tex/latex/pdftex-def/pdftex.def
File: pdftex.def 2011/05/27 v0.06d Graphics/color for pdfTeX

(/usr/local/texlive/2013/texmf-dist/tex/generic/oberdiek/infwarerr.sty
Package: infwarerr 2010/04/08 v1.3 Providing info/warning/error messages (HO)
)
(/usr/local/texlive/2013/texmf-dist/tex/generic/oberdiek/ltxcmds.sty
Package: ltxcmds 2011/11/09 v1.22 LaTeX kernel commands for general use (HO)
)
\Gread@gobject=\count79
))
\Gin@req@height=\dimen102
\Gin@req@width=\dimen103
)
\epsfxsize=\dimen104
\epsfysize=\dimen105
)
(/usr/local/texlive/2013/texmf-dist/tex/latex/amsfonts/amssymb.sty
Package: amssymb 2013/01/14 v3.01 AMS font symbols

(/usr/local/texlive/2013/texmf-dist/tex/latex/amsfonts/amsfonts.sty
Package: amsfonts 2013/01/14 v3.01 Basic AMSFonts support
\@emptytoks=\toks15
\symAMSa=\mathgroup4
\symAMSb=\mathgroup5
LaTeX Font Info:    Overwriting math alphabet `\mathfrak' in version `bold'
(Font)                  U/euf/m/n --> U/euf/b/n on input line 106.
))
(/usr/local/texlive/2013/texmf-dist/tex/latex/amsmath/amsmath.sty
Package: amsmath 2013/01/14 v2.14 AMS math features
\@mathmargin=\skip41

For additional information on amsmath, use the `?' option.
(/usr/local/texlive/2013/texmf-dist/tex/latex/amsmath/amstext.sty
Package: amstext 2000/06/29 v2.01

(/usr/local/texlive/2013/texmf-dist/tex/latex/amsmath/amsgen.sty
File: amsgen.sty 1999/11/30 v2.0
\@emptytoks=\toks16
\ex@=\dimen106
))
(/usr/local/texlive/2013/texmf-dist/tex/latex/amsmath/amsbsy.sty
Package: amsbsy 1999/11/29 v1.2d
\pmbraise@=\dimen107
)
(/usr/local/texlive/2013/texmf-dist/tex/latex/amsmath/amsopn.sty
Package: amsopn 1999/12/14 v2.01 operator names
)
\inf@bad=\count80
LaTeX Info: Redefining \frac on input line 210.
\uproot@=\count81
\leftroot@=\count82
LaTeX Info: Redefining \overline on input line 306.
\classnum@=\count83
\DOTSCASE@=\count84
LaTeX Info: Redefining \ldots on input line 378.
LaTeX Info: Redefining \dots on input line 381.
LaTeX Info: Redefining \cdots on input line 466.
\Mathstrutbox@=\box26
\strutbox@=\box27
\big@size=\dimen108
LaTeX Font Info:    Redeclaring font encoding OML on input line 566.
LaTeX Font Info:    Redeclaring font encoding OMS on input line 567.
\macc@depth=\count85
\c@MaxMatrixCols=\count86
\dotsspace@=\muskip10
\c@parentequation=\count87
\dspbrk@lvl=\count88
\tag@help=\toks17
\row@=\count89
\column@=\count90
\maxfields@=\count91
\andhelp@=\toks18
\eqnshift@=\dimen109
\alignsep@=\dimen110
\tagshift@=\dimen111
\tagwidth@=\dimen112
\totwidth@=\dimen113
\lineht@=\dimen114
\@envbody=\toks19
\multlinegap=\skip42
\multlinetaggap=\skip43
\mathdisplay@stack=\toks20
LaTeX Info: Redefining \[ on input line 2665.
LaTeX Info: Redefining \] on input line 2666.
)
Document Class 'sig-alternate' <23rd. May '12>. Modified by G.K.M. Tobin/Gerry 
Murray
Based in part upon document Style `acmconf' <22 May 89>. Hacked 4/91 by
shivers@cs.cmu.edu, 4/93 by theobald@cs.mcgill.ca
Excerpts were taken from (Journal Style) 'esub2acm.cls'.
****** Bugs/comments/suggestions/technicalities to Gerry Murray -- murray@hq.ac
m.org ******
Questions on the style, SIGS policies, etc. to Adrienne Griscti griscti@acm.org

\footheight=\dimen115
\@maxsep=\dimen116
\@dblmaxsep=\dimen117
\aucount=\count92
\originalaucount=\count93
\auwidth=\dimen118
\auskip=\dimen119
\auskipcount=\count94
\auskip=\dimen120
\allauboxes=\dimen121
\addauthors=\toks21
\addauflag=\count95
\subtitletext=\toks22
\savesection=\count96
\sectioncntr=\count97
\c@figure=\count98
\c@table=\count99
\titleboxnotes=\toks23
\titleboxnoteflag=\count100
Document Class: sig-alternate 2012/05/23 - V2.5 - based on acmproc.cls V1.3 <No
v. 30 '99>
(/usr/local/texlive/2013/texmf-dist/tex/latex/base/latexsym.sty
Package: latexsym 1998/08/17 v2.2e Standard LaTeX package (lasy symbols)
\symlasy=\mathgroup6
LaTeX Font Info:    Overwriting symbol font `lasy' in version `bold'
(Font)                  U/lasy/m/n --> U/lasy/b/n on input line 47.
)
\@acmtitlebox=\box28
\titlenotecount=\count101
\tntoks=\toks24
\tntokstwo=\toks25
\tntoksthree=\toks26
\tntoksfour=\toks27
\tntoksfive=\toks28
\catcount=\count102
\copyrightnotice=\toks29
\conf=\toks30
\confinfo=\toks31
\c@part=\count103
\c@section=\count104
\c@subsection=\count105
\c@subsubsection=\count106
\c@paragraph=\count107

Using 'Abbrev' bibliography style
LaTeX Info: Redefining \cite on input line 1211.
\bibindent=\dimen122
\colcntr=\count108
\saveb@x=\box29
\copyrtyr=\toks32
\acmcopyr=\toks33
\boilerplate=\toks34
\copyrightetc=\toks35
(/usr/local/texlive/2013/texmf-dist/tex/latex/base/fontenc.sty
Package: fontenc 2005/09/27 v1.99g Standard LaTeX package

(/usr/local/texlive/2013/texmf-dist/tex/latex/base/t1enc.def
File: t1enc.def 2005/09/27 v1.99g Standard LaTeX file
LaTeX Font Info:    Redeclaring font encoding T1 on input line 43.
)
LaTeX Font Info:    Try loading font information for T1+aer on input line 100.

(/usr/local/texlive/2013/texmf-dist/tex/latex/ae/t1aer.fd
File: t1aer.fd 1997/11/16 Font definitions for T1/aer.
)))
(/usr/local/texlive/2013/texmf-dist/tex/latex/pdfpages/pdfpages.sty
Package: pdfpages 2012/08/31 v0.4t Insert pages of external PDF documents (AM)

(/usr/local/texlive/2013/texmf-dist/tex/latex/base/ifthen.sty
Package: ifthen 2001/05/26 v1.1c Standard LaTeX ifthen package (DPC)
)
(/usr/local/texlive/2013/texmf-dist/tex/latex/tools/calc.sty
Package: calc 2007/08/22 v4.3 Infix arithmetic (KKT,FJ)
\calc@Acount=\count109
\calc@Bcount=\count110
\calc@Adimen=\dimen123
\calc@Bdimen=\dimen124
\calc@Askip=\skip44
\calc@Bskip=\skip45
LaTeX Info: Redefining \setlength on input line 76.
LaTeX Info: Redefining \addtolength on input line 77.
\calc@Ccount=\count111
\calc@Cskip=\skip46
)
(/usr/local/texlive/2013/texmf-dist/tex/latex/eso-pic/eso-pic.sty
Package: eso-pic 2010/10/06 v2.0c eso-pic (RN)

(/usr/local/texlive/2013/texmf-dist/tex/generic/oberdiek/atbegshi.sty
Package: atbegshi 2011/10/05 v1.16 At begin shipout hook (HO)

(/usr/local/texlive/2013/texmf-dist/tex/generic/oberdiek/ifpdf.sty
Package: ifpdf 2011/01/30 v2.3 Provides the ifpdf switch (HO)
Package ifpdf Info: pdfTeX in PDF mode is detected.
))
(/usr/local/texlive/2013/texmf-dist/tex/latex/xcolor/xcolor.sty
Package: xcolor 2007/01/21 v2.11 LaTeX color extensions (UK)

(/usr/local/texlive/2013/texmf-dist/tex/latex/latexconfig/color.cfg
File: color.cfg 2007/01/18 v1.5 color configuration of teTeX/TeXLive
)
Package xcolor Info: Driver file: pdftex.def on input line 225.
Package xcolor Info: Model `cmy' substituted by `cmy0' on input line 1337.
Package xcolor Info: Model `hsb' substituted by `rgb' on input line 1341.
Package xcolor Info: Model `RGB' extended on input line 1353.
Package xcolor Info: Model `HTML' substituted by `rgb' on input line 1355.
Package xcolor Info: Model `Hsb' substituted by `hsb' on input line 1356.
Package xcolor Info: Model `tHsb' substituted by `hsb' on input line 1357.
Package xcolor Info: Model `HSB' substituted by `hsb' on input line 1358.
Package xcolor Info: Model `Gray' substituted by `gray' on input line 1359.
Package xcolor Info: Model `wave' substituted by `hsb' on input line 1360.
))
(/usr/local/texlive/2013/texmf-dist/tex/latex/pdfpages/pppdftex.def
File: pppdftex.def 2012/08/31 v0.4t Pdfpages driver for pdfTeX (AM)
)
\AM@pagebox=\box30
\AM@toc@title=\toks36
\c@AM@survey=\count112
\AM@templatesizebox=\box31
)
(/usr/local/texlive/2013/texmf-dist/tex/latex/base/alltt.sty
Package: alltt 1997/06/16 v2.0g defines alltt environment
)
(/usr/local/texlive/2013/texmf-dist/tex/latex/oberdiek/epstopdf.sty
Package: epstopdf 2010/02/09 v2.5 Conversion with epstopdf on the fly (HO)

(/usr/local/texlive/2013/texmf-dist/tex/latex/oberdiek/epstopdf-base.sty
Package: epstopdf-base 2010/02/09 v2.5 Base part for package epstopdf

(/usr/local/texlive/2013/texmf-dist/tex/latex/oberdiek/grfext.sty
Package: grfext 2010/08/19 v1.1 Manage graphics extensions (HO)

(/usr/local/texlive/2013/texmf-dist/tex/generic/oberdiek/kvdefinekeys.sty
Package: kvdefinekeys 2011/04/07 v1.3 Define keys (HO)
))
(/usr/local/texlive/2013/texmf-dist/tex/latex/oberdiek/kvoptions.sty
Package: kvoptions 2011/06/30 v3.11 Key value format for package options (HO)

(/usr/local/texlive/2013/texmf-dist/tex/generic/oberdiek/kvsetkeys.sty
Package: kvsetkeys 2012/04/25 v1.16 Key value parser (HO)

(/usr/local/texlive/2013/texmf-dist/tex/generic/oberdiek/etexcmds.sty
Package: etexcmds 2011/02/16 v1.5 Avoid name clashes with e-TeX commands (HO)

(/usr/local/texlive/2013/texmf-dist/tex/generic/oberdiek/ifluatex.sty
Package: ifluatex 2010/03/01 v1.3 Provides the ifluatex switch (HO)
Package ifluatex Info: LuaTeX not detected.
)
Package etexcmds Info: Could not find \expanded.
(etexcmds)             That can mean that you are not using pdfTeX 1.50 or
(etexcmds)             that some package has redefined \expanded.
(etexcmds)             In the latter case, load this package earlier.
)))
(/usr/local/texlive/2013/texmf-dist/tex/generic/oberdiek/pdftexcmds.sty
Package: pdftexcmds 2011/11/29 v0.20 Utility functions of pdfTeX for LuaTeX (HO
)
Package pdftexcmds Info: LuaTeX not detected.
Package pdftexcmds Info: \pdf@primitive is available.
Package pdftexcmds Info: \pdf@ifprimitive is available.
Package pdftexcmds Info: \pdfdraftmode found.
)
Package grfext Info: Graphics extension search list:
(grfext)             [.png,.pdf,.jpg,.mps,.jpeg,.jbig2,.jb2,.PNG,.PDF,.JPG,.JPE
G,.JBIG2,.JB2,.eps]
(grfext)             \AppendGraphicsExtensions on input line 452.

(/usr/local/texlive/2013/texmf-dist/tex/latex/latexconfig/epstopdf-sys.cfg
File: epstopdf-sys.cfg 2010/07/13 v1.3 Configuration of (r)epstopdf for TeX Liv
e
)))
(/usr/local/texlive/2013/texmf-dist/tex/latex/tools/xspace.sty
Package: xspace 2009/10/20 v1.13 Space after command names (DPC,MH)
)
(/usr/local/texlive/2013/texmf-dist/tex/latex/colortbl/colortbl.sty
Package: colortbl 2012/02/13 v1.0a Color table columns (DPC)

(/usr/local/texlive/2013/texmf-dist/tex/latex/tools/array.sty
Package: array 2008/09/09 v2.4c Tabular extension package (FMi)
\col@sep=\dimen125
\extrarowheight=\dimen126
\NC@list=\toks37
\extratabsurround=\skip47
\backup@length=\skip48
)
\everycr=\toks38
\minrowclearance=\skip49
)
(/usr/local/texlive/2013/texmf-dist/tex/generic/babel/babel.sty
Package: babel 2013/05/16 v3.9f The Babel package

(/usr/local/texlive/2013/texmf-dist/tex/generic/babel-english/english.ldf
Language: english 2012/08/20 v3.3p English support from the babel system

(/usr/local/texlive/2013/texmf-dist/tex/generic/babel/babel.def
File: babel.def 2013/05/16 v3.9f Babel common definitions
\babel@savecnt=\count113
\U@D=\dimen127
)
\l@canadian = a dialect from \language\l@american 
\l@australian = a dialect from \language\l@british 
\l@newzealand = a dialect from \language\l@british 
)
(/usr/local/texlive/2013/texmf-dist/tex/generic/babel-english/english.ldf
Language: english 2012/08/20 v3.3p English support from the babel system
))

Package Babel Warning: The package option `english' should not be used
(Babel)                with a more specific one (like `USenglish') on input lin
e 8.

(/usr/local/texlive/2013/texmf-dist/tex/latex/multirow/multirow.sty
\bigstrutjot=\dimen128
)
(/usr/local/texlive/2013/texmf-dist/tex/latex/subfigure/subfigure.sty
Package: subfigure 2002/03/15 v2.1.5 subfigure package
\subfigtopskip=\skip50
\subfigcapskip=\skip51
\subfigcaptopadj=\dimen129
\subfigbottomskip=\skip52
\subfigcapmargin=\dimen130
\subfiglabelskip=\skip53
\c@subfigure=\count114
\c@lofdepth=\count115
\c@subtable=\count116
\c@lotdepth=\count117

****************************************
* Local config file subfigure.cfg used *
****************************************
(/usr/local/texlive/2013/texmf-dist/tex/latex/subfigure/subfigure.cfg)
\subfig@top=\skip54
\subfig@bottom=\skip55
)
(/usr/local/texlive/2013/texmf-dist/tex/latex/fmtcount/fmtcount.sty
Package: fmtcount 2012/10/24 v2.02

(/usr/local/texlive/2013/texmf-dist/tex/latex/etoolbox/etoolbox.sty
Package: etoolbox 2011/01/03 v2.1 e-TeX tools for LaTeX

(/usr/local/texlive/2013/texmf-dist/tex/latex/etex-pkg/etex.sty
Package: etex 1998/03/26 v2.0 eTeX basic definition package (PEB)
\et@xins=\count118
)
\etb@tempcnta=\count119
)
(/usr/local/texlive/2013/texmf-dist/tex/latex/fmtcount/fcprefix.sty
Package: fcprefix 2012/09/28

(/usr/local/texlive/2013/texmf-dist/tex/latex/fmtcount/fcnumparser.sty
Package: fcnumparser 2012/09/28
\fc@digit@counter=\count120
))
\c@padzeroesN=\count121
\fc@tmpcatcode=\count122

(/usr/local/texlive/2013/texmf-dist/tex/latex/fmtcount/fc-english.def
File: fc-english.def 2012/06/18
)
\@DT@modctr=\count123
\@ordinalctr=\count124
\@orgargctr=\count125
\@strctr=\count126
\@tmpstrctr=\count127
\@DT@loopN=\count128
\@DT@X=\count129
)
(/usr/local/texlive/2013/texmf-dist/tex/latex/amsfonts/eucal.sty
Package: eucal 2009/06/22 v3.00 Euler Script fonts
LaTeX Font Info:    Overwriting math alphabet `\EuScript' in version `bold'
(Font)                  U/eus/m/n --> U/eus/b/n on input line 33.
)
(/usr/local/texlive/2013/texmf-dist/tex/latex/tools/bm.sty
Package: bm 2004/02/26 v1.1c Bold Symbol Support (DPC/FMi)
\symboldoperators=\mathgroup7
\symboldletters=\mathgroup8
\symboldsymbols=\mathgroup9
\symboldlasy=\mathgroup10
LaTeX Font Info:    Redeclaring math alphabet \mathbf on input line 138.
LaTeX Info: Redefining \bm on input line 204.
)
(/usr/local/texlive/2013/texmf-dist/tex/latex/cite/cite.sty
LaTeX Info: Redefining \cite on input line 302.
LaTeX Info: Redefining \nocite on input line 373.
Package: cite 2010/09/10  v 5.3
)
(/usr/local/texlive/2013/texmf-dist/tex/latex/algorithm2e/algorithm2e.sty
Package: algorithm2e 2013/01/06 v5.00 algorithms environments
\c@AlgoLine=\count130

(/usr/local/texlive/2013/texmf-dist/tex/latex/relsize/relsize.sty
Package: relsize 2013/03/29 ver 4.1
)
********************************************************
Package `algorithm2e' Release 5.0 -- january 06 2013 --
- algorithm2e-announce@lirmm.fr mailing list for announcement about releases
- algorithm2e-discussion@lirmm.fr mailing list for discussion about package
subscribe by emailing sympa@lirmm.fr with 'subscribe <list> <firstname name>'
- Author: Christophe Fiorio (cfiorio@um2.fr)
********************************************************
\skiptotal=\skip56
\skiplinenumber=\skip57
\skiprule=\skip58
\skiphlne=\skip59
\skiptext=\skip60
\skiplength=\skip61
\algomargin=\skip62
\skipalgocfslide=\skip63
\algowidth=\dimen131
\inoutsize=\dimen132
\inoutindent=\dimen133
\interspacetitleruled=\dimen134
\interspacealgoruled=\dimen135
\interspacetitleboxruled=\dimen136
\algocf@inoutbox=\box32
\algocf@inputbox=\box33
\AlCapSkip=\skip64
\AlCapHSkip=\skip65
\algoskipindent=\skip66
\algocf@nlbox=\box34
\algocf@hangingbox=\box35
\algocf@untilbox=\box36
\algocf@skipuntil=\skip67
\algocf@capbox=\box37
\algoheightruledefault=\skip68
\algoheightrule=\skip69
\algotitleheightruledefault=\skip70
\algotitleheightrule=\skip71
\c@algocfline=\count131
\c@algocfproc=\count132
\c@algocf=\count133
\algocf@algoframe=\box38
\algocf@algobox=\box39
)
No file saqplus.aux.
\openout1 = `saqplus.aux'.

LaTeX Font Info:    Checking defaults for OML/cmm/m/it on input line 37.
LaTeX Font Info:    ... okay on input line 37.
LaTeX Font Info:    Checking defaults for T1/cmr/m/n on input line 37.
LaTeX Font Info:    ... okay on input line 37.
LaTeX Font Info:    Checking defaults for OT1/cmr/m/n on input line 37.
LaTeX Font Info:    ... okay on input line 37.
LaTeX Font Info:    Checking defaults for OMS/cmsy/m/n on input line 37.
LaTeX Font Info:    ... okay on input line 37.
LaTeX Font Info:    Checking defaults for OMX/cmex/m/n on input line 37.
LaTeX Font Info:    ... okay on input line 37.
LaTeX Font Info:    Checking defaults for U/cmr/m/n on input line 37.
LaTeX Font Info:    ... okay on input line 37.
(/usr/local/texlive/2013/texmf-dist/tex/context/base/supp-pdf.mkii
[Loading MPS to PDF converter (version 2006.09.02).]
\scratchcounter=\count134
\scratchdimen=\dimen137
\scratchbox=\box40
\nofMPsegments=\count135
\nofMParguments=\count136
\everyMPshowfont=\toks39
\MPscratchCnt=\count137
\MPscratchDim=\dimen138
\MPnumerator=\count138
\makeMPintoPDFobject=\count139
\everyMPtoPDFconversion=\toks40
)
\AtBeginShipoutBox=\box41
\c@theorem=\count140
\c@example=\count141
\c@definition=\count142
\c@proposition=\count143
\c@lemma=\count144
\c@corollary=\count145
LaTeX Font Info:    Try loading font information for U+msa on input line 120.
 (/usr/local/texlive/2013/texmf-dist/tex/latex/amsfonts/umsa.fd
File: umsa.fd 2013/01/14 v3.01 AMS symbols A
)
LaTeX Font Info:    Try loading font information for U+msb on input line 120.

(/usr/local/texlive/2013/texmf-dist/tex/latex/amsfonts/umsb.fd
File: umsb.fd 2013/01/14 v3.01 AMS symbols B
)
LaTeX Font Info:    Try loading font information for U+lasy on input line 120.

(/usr/local/texlive/2013/texmf-dist/tex/latex/base/ulasy.fd
File: ulasy.fd 1998/08/17 v2.2e LaTeX symbol font definitions
)
LaTeX Font Info:    Font shape `U/lasy/b/n' in size <9> not available
(Font)              Font shape `U/lasy/m/n' tried instead on input line 120.
LaTeX Font Info:    Font shape `U/lasy/b/n' in size <6> not available
(Font)              Font shape `U/lasy/m/n' tried instead on input line 120.
LaTeX Font Info:    Font shape `U/lasy/b/n' in size <5> not available
(Font)              Font shape `U/lasy/m/n' tried instead on input line 120.


LaTeX Warning: No \author given.

(./abstract.tex) (./introduction.tex

LaTeX Warning: Citation `DBLP:conf/vldb/GarofalakisG01' on page \thepage  undef
ined on input line 4.


LaTeX Warning: Citation `DBLP:conf/eurosys/AgarwalMPMMS13' on page \thepage  un
defined on input line 4.

LaTeX Font Info:    Try loading font information for T1+aett on input line 4.
(/usr/local/texlive/2013/texmf-dist/tex/latex/ae/t1aett.fd
File: t1aett.fd 1997/11/16 Font definitions for T1/aett.
)

LaTeX Warning: Citation `Gartner' on page \thepage  undefined on input line 17.



LaTeX Warning: Citation `DBLP:journals/pvldb/DongS13' on page \thepage  undefin
ed on input line 18.


LaTeX Warning: Citation `DBLP:conf/sigmod/JefferyFH08' on page \thepage  undefi
ned on input line 20.


LaTeX Warning: Citation `DBLP:journals/pvldb/FanLMTY10' on page \thepage  undef
ined on input line 20.


LaTeX Warning: Citation `DBLP:journals/pvldb/YakoutENOI11' on page \thepage  un
defined on input line 20.


LaTeX Warning: Citation `DBLP:journals/pvldb/WangKFF12' on page \thepage  undef
ined on input line 20.


Underfull \vbox (badness 10000) has occurred while \output is active []

 [1{/usr/local/texlive/2013/texmf-var/fonts/map/pdftex/updmap/pdftex.map}


Non-PDF special ignored!

]

LaTeX Warning: Reference `sec:error' on page \thepage  undefined on input line 
95.


LaTeX Warning: Reference `sec:paradigm' on page \thepage  undefined on input li
ne 95.


LaTeX Warning: Reference `sec:sampleclean' on page \thepage  undefined on input
 line 95.


LaTeX Warning: Reference `sec:biascorrected' on page \thepage  undefined on inp
ut line 95.


LaTeX Warning: Reference `sec:query-processing' on page \thepage  undefined on 
input line 95.


LaTeX Warning: Reference `sec:exp' on page \thepage  undefined on input line 95
.


LaTeX Warning: Reference `sec:rw' on page \thepage  undefined on input line 95.



LaTeX Warning: Reference `sec:con' on page \thepage  undefined on input line 95
.

) (./problem.tex

LaTeX Warning: Reference `subsec:saqp' on page \thepage  undefined on input lin
e 5.


LaTeX Warning: Reference `subsec:dataclean' on page \thepage  undefined on inpu
t line 5.


LaTeX Warning: Citation `DBLP:conf/eurosys/AgarwalMPMMS13' on page \thepage  un
defined on input line 7.

LaTeX Font Info:    Try loading font information for T1+aess on input line 9.
(/usr/local/texlive/2013/texmf-dist/tex/latex/ae/t1aess.fd
File: t1aess.fd 1997/11/16 Font definitions for T1/aess.
)

LaTeX Warning: Citation `DBLP:conf/sigmod/HellersteinHW97' on page \thepage  un
defined on input line 26.


LaTeX Warning: Citation `DBLP:journals/pvldb/PansareBJC11' on page \thepage  un
defined on input line 26.


LaTeX Warning: Citation `DBLP:conf/sigmod/CondieCAHGTES10' on page \thepage  un
defined on input line 26.


LaTeX Warning: Citation `DBLP:journals/pvldb/WuJOT09' on page \thepage  undefin
ed on input line 26.


LaTeX Warning: Citation `DBLP:conf/eurosys/AgarwalMPMMS13' on page \thepage  un
defined on input line 26.


LaTeX Warning: Citation `DBLP:conf/sigmod/AcharyaGPR99' on page \thepage  undef
ined on input line 26.


LaTeX Warning: Citation `DBLP:journals/tods/ChaudhuriDN07' on page \thepage  un
defined on input line 26.


LaTeX Warning: Citation `DBLP:conf/sigmod/BabcockCD03' on page \thepage  undefi
ned on input line 26.


LaTeX Warning: Citation `DBLP:conf/sigmod/HellersteinHW97' on page \thepage  un
defined on input line 28.


LaTeX Warning: Citation `DBLP:conf/sigmod/AcharyaGP00' on page \thepage  undefi
ned on input line 28.


LaTeX Warning: Citation `DBLP:conf/eurosys/AgarwalMPMMS13' on page \thepage  un
defined on input line 28.


LaTeX Warning: Citation `lohr2010sampling' on page \thepage  undefined on input
 line 37.

[2]

LaTeX Warning: Citation `hellerstein2008quantitative' on page \thepage  undefin
ed on input line 53.


LaTeX Warning: Citation `DBLP:conf/pervasive/JefferyAFHW06' on page \thepage  u
ndefined on input line 53.


LaTeX Warning: Citation `fan2012foundations' on page \thepage  undefined on inp
ut line 53.


LaTeX Warning: Citation `DBLP:conf/sigmod/DallachiesaEEEIOT13' on page \thepage
  undefined on input line 53.

! Undefined control sequence.
<recently read> \Predicate 
                           
l.57 ...te or not, which is denoted by $\Predicate
                                                  {t}$=True and  $\Predicate...

? q
OK, entering \batchmode...

! Interruption.
l.57 ...te or not, which is denoted by $\Predicate
                                                  {t}$=True and  $\Predicate...

? q
OK, entering \batchmode...
! Undefined control sequence.
<recently read> \Predicate 
                           
l.57 ...d by $\Predicate{t}$=True and  $\Predicate
                                                  {t}$ = False, respectively.
The control sequence at the end of the top line
of your error message was never \def'ed. If you have
misspelled it (e.g., `\hobx'), type `I' and the correct
spelling (e.g., `I\hbox'). Otherwise just continue,
and I'll forget about whatever was undefined.


LaTeX Warning: Citation `journals/tkde/ElmagarmidIV07' on page \thepage  undefi
ned on input line 62.


LaTeX Warning: Citation `journals/tkde/Christen11' on page \thepage  undefined 
on input line 62.


<figs/new-example.pdf, id=22, 719.68875pt x 275.0275pt>
File: figs/new-example.pdf Graphic file (type pdf)
 <use figs/new-example.pdf>
Package pdftex.def Info: figs/new-example.pdf used on input line 66.
(pdftex.def)             Requested size: 251.89484pt x 96.26106pt.

Overfull \hbox (11.89484pt too wide) in paragraph at lines 66--67
[][] 
 []


LaTeX Warning: Reference `fig:example' on page \thepage  undefined on input lin
e 72.


LaTeX Warning: Reference `fig:example' on page \thepage  undefined on input lin
e 72.

! Undefined control sequence.
<recently read> \Predicate 
                           
l.72 ...have $\Correct{t_1} = 144$ and $\Predicate
                                                  {t_1}$=True and $\Dedup{t_...
The control sequence at the end of the top line
of your error message was never \def'ed. If you have
misspelled it (e.g., `\hobx'), type `I' and the correct
spelling (e.g., `I\hbox'). Otherwise just continue,
and I'll forget about whatever was undefined.

) (./architecture.tex

LaTeX Warning: Reference `subsec:new-paradigms' on page \thepage  undefined on 
input line 3.


LaTeX Warning: Reference `subsec:characteristics' on page \thepage  undefined o
n input line 3.

 <figs/newarch.pdf, id=23, 583.17876pt x 388.45125pt>
File: figs/newarch.pdf Graphic file (type pdf)
 <use figs/newarch.pdf>
Package pdftex.def Info: figs/newarch.pdf used on input line 7.
(pdftex.def)             Requested size: 221.61023pt x 147.61299pt.

LaTeX Warning: Citation `DBLP:conf/sigmod/JefferyFH08' on page \thepage  undefi
ned on input line 17.


LaTeX Warning: Citation `DBLP:journals/pvldb/FanLMTY10' on page \thepage  undef
ined on input line 17.


LaTeX Warning: Citation `DBLP:journals/pvldb/YakoutENOI11' on page \thepage  un
defined on input line 17.


LaTeX Warning: Citation `DBLP:journals/pvldb/WangKFF12' on page \thepage  undef
ined on input line 17.


LaTeX Warning: Reference `fig:arch' on page \thepage  undefined on input line 1
9.

 [3 <./figs/new-example.pdf> <./figs/newarch.pdf>]

LaTeX Warning: Reference `subsubsec:trade-off' on page \thepage  undefined on i
nput line 25.


LaTeX Warning: Reference `subsubsec:less-more' on page \thepage  undefined on i
nput line 25.


<figs/tradeoff-new.pdf, id=174, 502.87875pt x 341.275pt>
File: figs/tradeoff-new.pdf Graphic file (type pdf)
 <use figs/tradeoff-new.pdf>
Package pdftex.def Info: figs/tradeoff-new.pdf used on input line 28.
(pdftex.def)             Requested size: 176.0102pt x 119.44803pt.

LaTeX Warning: Reference `sec:exp' on page \thepage  undefined on input line 36
.


LaTeX Warning: Reference `fig:tradeoff' on page \thepage  undefined on input li
ne 36.


LaTeX Warning: Reference `fig:tradeoff' on page \thepage  undefined on input li
ne 43.

) (./framework.tex
Overfull \hbox (9.1045pt too wide) in paragraph at lines 1--1
[]\secfnt SAMPLECLEAN ES-TI-MA-TION METHOD 
 []


LaTeX Warning: Reference `subsec:resultestimation' on page \thepage  undefined 
on input line 4.


LaTeX Warning: Reference `subsec:challenges' on page \thepage  undefined on inp
ut line 5.


LaTeX Warning: Reference `subsec:dup-challenge' on page \thepage  undefined on 
input line 5.


LaTeX Warning: Reference `subsec:comb-challenge' on page \thepage  undefined on
 input line 5.


Overfull \hbox (4.51476pt too wide) in paragraph at lines 2--6
[]\T1/aer/m/n/9 In this sec-tion, we present Sam-ple-Clean es-ti-ma-tion method
.
 []


LaTeX Warning: Citation `DBLP:conf/sigmod/AcharyaGPR99' on page \thepage  undef
ined on input line 8.


LaTeX Warning: Citation `DBLP:conf/eurosys/AgarwalMPMMS13' on page \thepage  un
defined on input line 8.


LaTeX Warning: Citation `DBLP:conf/sigmod/HellersteinHW97' on page \thepage  un
defined on input line 8.


LaTeX Warning: Citation `saqpfull' on page \thepage  undefined on input line 8.



LaTeX Font Warning: Command \small invalid in math mode on input line 40.

LaTeX Font Info:    Font shape `U/lasy/b/n' in size <8> not available
(Font)              Font shape `U/lasy/m/n' tried instead on input line 42.
 [4 <./figs/tradeoff-new.pdf>]
LaTeX Font Info:    Calculating math sizes for size <> on input line 42.

LaTeX Font Warning: Font shape `OT1/cmr/m/n' in size <> not available
(Font)              size <5> substituted on input line 42.


LaTeX Font Warning: Font shape `OT1/cmr/m/n' in size <0.7> not available
(Font)              size <5> substituted on input line 42.


LaTeX Font Warning: Font shape `OT1/cmr/m/n' in size <0.5> not available
(Font)              size <5> substituted on input line 42.


LaTeX Font Warning: Font shape `OML/cmm/m/it' in size <> not available
(Font)              size <5> substituted on input line 42.


LaTeX Font Warning: Font shape `OML/cmm/m/it' in size <0.7> not available
(Font)              size <5> substituted on input line 42.


LaTeX Font Warning: Font shape `OML/cmm/m/it' in size <0.5> not available
(Font)              size <5> substituted on input line 42.


LaTeX Font Warning: Font shape `OMS/cmsy/m/n' in size <> not available
(Font)              size <5> substituted on input line 42.


LaTeX Font Warning: Font shape `OMS/cmsy/m/n' in size <0.7> not available
(Font)              size <5> substituted on input line 42.


LaTeX Font Warning: Font shape `OMS/cmsy/m/n' in size <0.5> not available
(Font)              size <5> substituted on input line 42.


LaTeX Font Warning: Font shape `U/lasy/m/n' in size <> not available
(Font)              size <5> substituted on input line 42.


LaTeX Font Warning: Font shape `U/lasy/m/n' in size <0.7> not available
(Font)              size <5> substituted on input line 42.


LaTeX Font Warning: Font shape `U/lasy/m/n' in size <0.5> not available
(Font)              size <5> substituted on input line 42.


LaTeX Font Warning: Font shape `OT1/cmr/bx/n' in size <> not available
(Font)              size <5> substituted on input line 42.


LaTeX Font Warning: Font shape `OT1/cmr/bx/n' in size <0.7> not available
(Font)              size <5> substituted on input line 42.


LaTeX Font Warning: Font shape `OT1/cmr/bx/n' in size <0.5> not available
(Font)              size <5> substituted on input line 42.


LaTeX Font Warning: Font shape `OML/cmm/b/it' in size <> not available
(Font)              size <5> substituted on input line 42.


LaTeX Font Warning: Font shape `OML/cmm/b/it' in size <0.7> not available
(Font)              size <5> substituted on input line 42.


LaTeX Font Warning: Font shape `OML/cmm/b/it' in size <0.5> not available
(Font)              size <5> substituted on input line 42.


LaTeX Font Warning: Font shape `OMS/cmsy/b/n' in size <> not available
(Font)              size <5> substituted on input line 42.


LaTeX Font Warning: Font shape `OMS/cmsy/b/n' in size <0.7> not available
(Font)              size <5> substituted on input line 42.


LaTeX Font Warning: Font shape `OMS/cmsy/b/n' in size <0.5> not available
(Font)              size <5> substituted on input line 42.

LaTeX Font Info:    Font shape `U/lasy/b/n' in size <> not available
(Font)              Font shape `U/lasy/m/n' tried instead on input line 42.

LaTeX Font Warning: Font shape `U/lasy/m/n' in size <> not available
(Font)              size <5> substituted on input line 42.

LaTeX Font Info:    Font shape `U/lasy/b/n' in size <0.7> not available
(Font)              Font shape `U/lasy/m/n' tried instead on input line 42.

LaTeX Font Warning: Font shape `U/lasy/m/n' in size <0.7> not available
(Font)              size <5> substituted on input line 42.

LaTeX Font Info:    Font shape `U/lasy/b/n' in size <0.5> not available
(Font)              Font shape `U/lasy/m/n' tried instead on input line 42.

LaTeX Font Warning: Font shape `U/lasy/m/n' in size <0.5> not available
(Font)              size <5> substituted on input line 42.


LaTeX Warning: Citation `hinkley1988bootstrap' on page \thepage  undefined on i
nput line 43.


LaTeX Warning: Citation `saqpfull' on page \thepage  undefined on input line 44
.


LaTeX Warning: Reference `eq:general-func' on page \thepage  undefined on input
 line 73.


LaTeX Warning: Reference `eq:general-func' on page \thepage  undefined on input
 line 83.


LaTeX Warning: Citation `saqpfull' on page \thepage  undefined on input line 11
9.


LaTeX Warning: Reference `fig:example' on page \thepage  undefined on input lin
e 123.


LaTeX Warning: Reference `lem:derror' on page \thepage  undefined on input line
 130.

 [5]

LaTeX Warning: Citation `saqpfull' on page \thepage  undefined on input line 15
9.


LaTeX Warning: Reference `tbl:transform' on page \thepage  undefined on input l
ine 162.

! Undefined control sequence.
<argument>  \Predicate 
                       {t}
l.173 ...{P}|}  & \mbox{if } \text{ \Predicate{t}}
                                                   \\
The control sequence at the end of the top line
of your error message was never \def'ed. If you have
misspelled it (e.g., `\hobx'), type `I' and the correct
spelling (e.g., `I\hbox'). Otherwise just continue,
and I'll forget about whatever was undefined.

! Undefined control sequence.
<argument> \firstchoice@false  \Predicate 
                                          {t}
l.173 ...{P}|}  & \mbox{if } \text{ \Predicate{t}}
                                                   \\
The control sequence at the end of the top line
of your error message was never \def'ed. If you have
misspelled it (e.g., `\hobx'), type `I' and the correct
spelling (e.g., `I\hbox'). Otherwise just continue,
and I'll forget about whatever was undefined.

! Undefined control sequence.
<argument> \firstchoice@false  \Predicate 
                                          {t}
l.173 ...{P}|}  & \mbox{if } \text{ \Predicate{t}}
                                                   \\
The control sequence at the end of the top line
of your error message was never \def'ed. If you have
misspelled it (e.g., `\hobx'), type `I' and the correct
spelling (e.g., `I\hbox'). Otherwise just continue,
and I'll forget about whatever was undefined.

! Undefined control sequence.
<argument> \firstchoice@false  \Predicate 
                                          {t}
l.173 ...{P}|}  & \mbox{if } \text{ \Predicate{t}}
                                                   \\
The control sequence at the end of the top line
of your error message was never \def'ed. If you have
misspelled it (e.g., `\hobx'), type `I' and the correct
spelling (e.g., `I\hbox'). Otherwise just continue,
and I'll forget about whatever was undefined.

! Undefined control sequence.
<argument>  \Predicate 
                       {t}
l.179 ...{P}|}  & \mbox{if } \text{ \Predicate{t}}
                                                   \\
The control sequence at the end of the top line
of your error message was never \def'ed. If you have
misspelled it (e.g., `\hobx'), type `I' and the correct
spelling (e.g., `I\hbox'). Otherwise just continue,
and I'll forget about whatever was undefined.

! Undefined control sequence.
<argument> \firstchoice@false  \Predicate 
                                          {t}
l.179 ...{P}|}  & \mbox{if } \text{ \Predicate{t}}
                                                   \\
The control sequence at the end of the top line
of your error message was never \def'ed. If you have
misspelled it (e.g., `\hobx'), type `I' and the correct
spelling (e.g., `I\hbox'). Otherwise just continue,
and I'll forget about whatever was undefined.

! Undefined control sequence.
<argument> \firstchoice@false  \Predicate 
                                          {t}
l.179 ...{P}|}  & \mbox{if } \text{ \Predicate{t}}
                                                   \\
The control sequence at the end of the top line
of your error message was never \def'ed. If you have
misspelled it (e.g., `\hobx'), type `I' and the correct
spelling (e.g., `I\hbox'). Otherwise just continue,
and I'll forget about whatever was undefined.

! Undefined control sequence.
<argument> \firstchoice@false  \Predicate 
                                          {t}
l.179 ...{P}|}  & \mbox{if } \text{ \Predicate{t}}
                                                   \\
The control sequence at the end of the top line
of your error message was never \def'ed. If you have
misspelled it (e.g., `\hobx'), type `I' and the correct
spelling (e.g., `I\hbox'). Otherwise just continue,
and I'll forget about whatever was undefined.

! Undefined control sequence.
<argument>  \Predicate 
                       {t}
l.185 ...{P}|}  & \mbox{if } \text{ \Predicate{t}}
                                                   \\
The control sequence at the end of the top line
of your error message was never \def'ed. If you have
misspelled it (e.g., `\hobx'), type `I' and the correct
spelling (e.g., `I\hbox'). Otherwise just continue,
and I'll forget about whatever was undefined.

! Undefined control sequence.
<argument> \firstchoice@false  \Predicate 
                                          {t}
l.185 ...{P}|}  & \mbox{if } \text{ \Predicate{t}}
                                                   \\
The control sequence at the end of the top line
of your error message was never \def'ed. If you have
misspelled it (e.g., `\hobx'), type `I' and the correct
spelling (e.g., `I\hbox'). Otherwise just continue,
and I'll forget about whatever was undefined.

! Undefined control sequence.
<argument> \firstchoice@false  \Predicate 
                                          {t}
l.185 ...{P}|}  & \mbox{if } \text{ \Predicate{t}}
                                                   \\
The control sequence at the end of the top line
of your error message was never \def'ed. If you have
misspelled it (e.g., `\hobx'), type `I' and the correct
spelling (e.g., `I\hbox'). Otherwise just continue,
and I'll forget about whatever was undefined.

! Undefined control sequence.
<argument> \firstchoice@false  \Predicate 
                                          {t}
l.185 ...{P}|}  & \mbox{if } \text{ \Predicate{t}}
                                                   \\
The control sequence at the end of the top line
of your error message was never \def'ed. If you have
misspelled it (e.g., `\hobx'), type `I' and the correct
spelling (e.g., `I\hbox'). Otherwise just continue,
and I'll forget about whatever was undefined.


LaTeX Warning: Reference `eq:data-seq' on page \thepage  undefined on input lin
e 221.


LaTeX Warning: Reference `lem:derror' on page \thepage  undefined on input line
 221.


LaTeX Warning: Reference `lem:comp' on page \thepage  undefined on input line 2
21.


LaTeX Warning: Reference `subsec:comb-challenge' on page \thepage  undefined on
 input line 221.


LaTeX Warning: Reference `lem:our-clt' on page \thepage  undefined on input lin
e 221.


LaTeX Warning: Citation `saqpfull' on page \thepage  undefined on input line 22
1.


Overfull \hbox (15.61554pt too wide) in paragraph at lines 221--222
[]\T1/aer/m/n/9 Equation [] fol-lows di-rectly from Lemma []
 []

 <figs/sample.pdf, id=208, 384.43625pt x 202.7575pt>
File: figs/sample.pdf Graphic file (type pdf)
 <use figs/sample.pdf>
Package pdftex.def Info: figs/sample.pdf used on input line 228.
(pdftex.def)             Requested size: 172.9947pt x 91.24002pt.

Underfull \hbox (badness 1448) in paragraph at lines 229--229
\OMS/cmsy/m/n/9 f\OML/cmm/m/it/9 t[]; t[]; t[]; t[]; t[]; t[]; t[]\OMS/cmsy/m/n
/9 g$ \T1/aer/bx/n/9 w.r.t ``SE-LECT \T1/aess/bx/n/9 AVG\T1/aer/bx/n/9 (citatio
n)
 []


LaTeX Warning: Reference `fig:sample' on page \thepage  undefined on input line
 234.


LaTeX Warning: Reference `exa:derror' on page \thepage  undefined on input line
 235.


LaTeX Warning: Reference `tbl:transform' on page \thepage  undefined on input l
ine 235.


LaTeX Warning: Reference `tbl:transform' on page \thepage  undefined on input l
ine 241.


LaTeX Warning: Reference `eq:conf-interval' on page \thepage  undefined on inpu
t line 243.


LaTeX Warning: Citation `saqpfull' on page \thepage  undefined on input line 24
4.

) (./algorithms.tex
Overfull \hbox (21.77626pt too wide) in paragraph at lines 1--1
[]\secfnt BIASCORRECTED ES-TI-MA-TION METHOD 
 []


LaTeX Warning: Reference `thm:sampleclean' on page \thepage  undefined on input
 line 2.

 [6 <./figs/sample.pdf>]

LaTeX Warning: Reference `subsec:resultestimation' on page \thepage  undefined 
on input line 22.


LaTeX Warning: Reference `eq:general-func' on page \thepage  undefined on input
 line 28.


LaTeX Warning: Reference `eq:data-seq' on page \thepage  undefined on input lin
e 28.


LaTeX Warning: Reference `eq:decompose' on page \thepage  undefined on input li
ne 33.


LaTeX Warning: Reference `eq:delta' on page \thepage  undefined on input line 3
3.


LaTeX Warning: Reference `exa:sampleclean' on page \thepage  undefined on input
 line 63.


LaTeX Warning: Reference `subsec:resultestimation' on page \thepage  undefined 
on input line 63.


LaTeX Warning: Reference `exa:sampleclean' on page \thepage  undefined on input
 line 67.


LaTeX Warning: Citation `saqpfull' on page \thepage  undefined on input line 86
.

) (./discussion.tex
Overfull \hbox (6.30867pt too wide) in paragraph at lines 1--1
[]\secfnt SUPPORTING CON-STRAINED QUERIES 
 []


LaTeX Warning: Reference `sec:sampleclean' on page \thepage  undefined on input
 line 5.


LaTeX Warning: Reference `sec:biascorrected' on page \thepage  undefined on inp
ut line 5.


LaTeX Warning: Reference `sec:group-by' on page \thepage  undefined on input li
ne 8.


LaTeX Warning: Reference `subsec:constraint' on page \thepage  undefined on inp
ut line 8.


Overfull \hbox (9.35776pt too wide) in paragraph at lines 12--12
[]\secfnt Confidence In-ter-vals For Group-By Queries 
 []

 [7]

LaTeX Warning: Reference `sec:sampleclean' on page \thepage  undefined on input
 line 34.


LaTeX Warning: Reference `sec:biascorrected' on page \thepage  undefined on inp
ut line 34.


LaTeX Warning: Citation `kalton1983introduction' on page \thepage  undefined on
 input line 44.


LaTeX Warning: Reference `def:allocation' on page \thepage  undefined on input 
line 61.

) (./experiment.tex
Package epstopdf Info: Source file: <exp/pk-alldirty.eps>
(epstopdf)                    date: 2013-12-03 02:42:56
(epstopdf)                    size: 23205 bytes
(epstopdf)             Output file: <exp/pk-alldirty-eps-converted-to.pdf>
(epstopdf)                    date: 2013-12-02 11:23:47
(epstopdf)                    size: 12472 bytes
(epstopdf)             Command: <repstopdf --outfile=exp/pk-alldirty-eps-conver
ted-to.pdf exp/pk-alldirty.eps>
(epstopdf)             \includegraphics on input line 8.
runsystem(repstopdf --outfile=exp/pk-alldirty-eps-converted-to.pdf exp/pk-alldi
rty.eps)...executed safely (allowed).

Package epstopdf Info: Result file: <exp/pk-alldirty-eps-converted-to.pdf>
(epstopdf)                    date: 2013-12-03 11:37:56
(epstopdf)                    size: 12461 bytes.

<exp/pk-alldirty-eps-converted-to.pdf, id=245, 1444.39626pt x 303.1325pt>
File: exp/pk-alldirty-eps-converted-to.pdf Graphic file (type pdf)
 <use exp/pk-alldirty-eps-converted-to.pdf>
Package pdftex.def Info: exp/pk-alldirty-eps-converted-to.pdf used on input lin
e 8.
(pdftex.def)             Requested size: 505.54626pt x 106.09796pt.
Package epstopdf Info: Source file: <exp/pk-alldirty-small-errors.eps>
(epstopdf)                    date: 2013-12-03 02:47:36
(epstopdf)                    size: 23107 bytes
(epstopdf)             Output file: <exp/pk-alldirty-small-errors-eps-converted
-to.pdf>
(epstopdf)                    date: 2013-12-02 11:23:47
(epstopdf)                    size: 12490 bytes
(epstopdf)             Command: <repstopdf --outfile=exp/pk-alldirty-small-erro
rs-eps-converted-to.pdf exp/pk-alldirty-small-errors.eps>
(epstopdf)             \includegraphics on input line 16.
runsystem(repstopdf --outfile=exp/pk-alldirty-small-errors-eps-converted-to.pdf
 exp/pk-alldirty-small-errors.eps)...executed safely (allowed).

Package epstopdf Info: Result file: <exp/pk-alldirty-small-errors-eps-converted
-to.pdf>
(epstopdf)                    date: 2013-12-03 11:37:57
(epstopdf)                    size: 12355 bytes.

<exp/pk-alldirty-small-errors-eps-converted-to.pdf, id=246, 1436.36626pt x 294.
09875pt>
File: exp/pk-alldirty-small-errors-eps-converted-to.pdf Graphic file (type pdf)


<use exp/pk-alldirty-small-errors-eps-converted-to.pdf>
Package pdftex.def Info: exp/pk-alldirty-small-errors-eps-converted-to.pdf used
 on input line 16.
(pdftex.def)             Requested size: 502.73573pt x 102.9361pt.
 [8]

LaTeX Warning: Citation `DBLP:conf/pervasive/JefferyAFHW06' on page \thepage  u
ndefined on input line 74.

Package epstopdf Info: Source file: <exp/allerror-percent.eps>
(epstopdf)                    date: 2013-12-03 02:31:42
(epstopdf)                    size: 17043 bytes
(epstopdf)             Output file: <exp/allerror-percent-eps-converted-to.pdf>

(epstopdf)                    date: 2013-12-02 11:23:47
(epstopdf)                    size: 14930 bytes
(epstopdf)             Command: <repstopdf --outfile=exp/allerror-percent-eps-c
onverted-to.pdf exp/allerror-percent.eps>
(epstopdf)             \includegraphics on input line 101.
runsystem(repstopdf --outfile=exp/allerror-percent-eps-converted-to.pdf exp/all
error-percent.eps)...executed safely (allowed).

Package epstopdf Info: Result file: <exp/allerror-percent-eps-converted-to.pdf>

(epstopdf)                    date: 2013-12-02 11:23:47
(epstopdf)                    size: 14930 bytes.

<exp/allerror-percent-eps-converted-to.pdf, id=250, 1437.37pt x 299.1175pt>
File: exp/allerror-percent-eps-converted-to.pdf Graphic file (type pdf)
 <use exp/allerror-percent-eps-converted-to.pdf>
Package pdftex.def Info: exp/allerror-percent-eps-converted-to.pdf used on inpu
t line 101.
(pdftex.def)             Requested size: 503.08704pt x 104.69269pt.

LaTeX Warning: Reference `exp:all-errorpercent' on page \thepage  undefined on 
input line 116.


LaTeX Warning: Reference `exp:end-to-end-small' on page \thepage  undefined on 
input line 117.


LaTeX Warning: Reference `exp:all-errorpercent' on page \thepage  undefined on 
input line 129.


LaTeX Warning: Reference `exp:all-errorpercent' on page \thepage  undefined on 
input line 140.

Package epstopdf Info: Source file: <exp/allerror-samplesize.eps>
(epstopdf)                    date: 2013-12-02 11:23:47
(epstopdf)                    size: 16164 bytes
(epstopdf)             Output file: <exp/allerror-samplesize-eps-converted-to.p
df>
(epstopdf)                    date: 2013-12-02 11:23:47
(epstopdf)                    size: 12998 bytes
(epstopdf)             Command: <repstopdf --outfile=exp/allerror-samplesize-ep
s-converted-to.pdf exp/allerror-samplesize.eps>
(epstopdf)             \includegraphics on input line 147.
Package epstopdf Info: Output file is already uptodate.

<exp/allerror-samplesize-eps-converted-to.pdf, id=251, 936.49875pt x 335.2525pt
>
File: exp/allerror-samplesize-eps-converted-to.pdf Graphic file (type pdf)
 <use exp/allerror-samplesize-eps-converted-to.pdf>
Package pdftex.def Info: exp/allerror-samplesize-eps-converted-to.pdf used on i
nput line 147.
(pdftex.def)             Requested size: 290.31161pt x 103.9272pt.
)
Runaway argument?
{We compared the convergence of our methods on two TPC-H datasets sim\ETC.
! File ended while scanning use of \@xdblarg.
<inserted text> 
                \par 
l.140 \input{experiment.tex}
                            
I suspect you have forgotten a `}', causing me
to read past where you wanted me to stop.
I'll try to recover; but if the error is serious,
you'd better type `E' or `X' now and fix your file.

 (./relatedwork.tex
Overfull \hbox (24.63489pt too wide) in paragraph at lines 146--1
[]|  []
 []


Underfull \hbox (badness 10000) in paragraph at lines 146--1

 []


LaTeX Warning: Citation `DBLP:conf/vldb/GarofalakisG01' on page \thepage  undef
ined on input line 4.


LaTeX Warning: Citation `DBLP:journals/ftdb/CormodeGHJ12' on page \thepage  und
efined on input line 4.


LaTeX Warning: Citation `DBLP:journals/tods/ChaudhuriDN07' on page \thepage  un
defined on input line 4.


LaTeX Warning: Citation `DBLP:conf/eurosys/AgarwalMPMMS13' on page \thepage  un
defined on input line 4.


LaTeX Warning: Citation `DBLP:conf/sigmod/AcharyaGPR99' on page \thepage  undef
ined on input line 4.


LaTeX Warning: Citation `DBLP:conf/cidr/SidirourgosKB11' on page \thepage  unde
fined on input line 4.


LaTeX Warning: Citation `DBLP:conf/sigmod/BabcockCD03' on page \thepage  undefi
ned on input line 4.


LaTeX Warning: Citation `DBLP:conf/sigmod/HellersteinHW97' on page \thepage  un
defined on input line 4.


LaTeX Warning: Citation `DBLP:journals/pvldb/PansareBJC11' on page \thepage  un
defined on input line 4.


LaTeX Warning: Citation `DBLP:conf/sigmod/CondieCAHGTES10' on page \thepage  un
defined on input line 4.


LaTeX Warning: Citation `DBLP:journals/pvldb/WuJOT09' on page \thepage  undefin
ed on input line 4.


LaTeX Warning: Citation `DBLP:journals/ftdb/CormodeGHJ12' on page \thepage  und
efined on input line 5.


LaTeX Warning: Citation `fan2012foundations' on page \thepage  undefined on inp
ut line 9.


LaTeX Warning: Citation `DBLP:conf/sigmod/DallachiesaEEEIOT13' on page \thepage
  undefined on input line 9.


LaTeX Warning: Citation `hellerstein2008quantitative' on page \thepage  undefin
ed on input line 9.


LaTeX Warning: Citation `dasu2003exploratory' on page \thepage  undefined on in
put line 9.


LaTeX Warning: Citation `DBLP:journals/tkde/ElmagarmidIV07' on page \thepage  u
ndefined on input line 9.


LaTeX Warning: Citation `DBLP:conf/sigmod/JefferyFH08' on page \thepage  undefi
ned on input line 9.


LaTeX Warning: Citation `DBLP:journals/pvldb/FanLMTY10' on page \thepage  undef
ined on input line 9.


LaTeX Warning: Citation `DBLP:journals/pvldb/YakoutENOI11' on page \thepage  un
defined on input line 9.


LaTeX Warning: Citation `DBLP:journals/pvldb/WangKFF12' on page \thepage  undef
ined on input line 9.


LaTeX Warning: Citation `weisberg2009total' on page \thepage  undefined on inpu
t line 17.


LaTeX Warning: Citation `valliant2000finite' on page \thepage  undefined on inp
ut line 17.


LaTeX Warning: Citation `hansen1987some' on page \thepage  undefined on input l
ine 17.


LaTeX Warning: Citation `barnett1991sample' on page \thepage  undefined on inpu
t line 17.


LaTeX Warning: Citation `sarndal2003model' on page \thepage  undefined on input
 line 17.


LaTeX Warning: Citation `kalton1983introduction' on page \thepage  undefined on
 input line 17.


LaTeX Warning: Citation `hinkley1988bootstrap' on page \thepage  undefined on i
nput line 20.


LaTeX Warning: Citation `hahn2011statistical' on page \thepage  undefined on in
put line 21.


LaTeX Warning: Citation `lee1990u' on page \thepage  undefined on input line 23
.


LaTeX Warning: Citation `jacod1987limit' on page \thepage  undefined on input l
ine 24.


LaTeX Warning: Citation `considine2004approximate' on page \thepage  undefined 
on input line 27.


LaTeX Warning: Citation `bar2002counting' on page \thepage  undefined on input 
line 27.


LaTeX Warning: Citation `haas1995sampling' on page \thepage  undefined on input
 line 27.


LaTeX Warning: Citation `beyer2007synopses' on page \thepage  undefined on inpu
t line 27.


LaTeX Warning: Citation `charikar2000towards' on page \thepage  undefined on in
put line 28.


LaTeX Warning: Citation `harnik2012estimation' on page \thepage  undefined on i
nput line 29.


LaTeX Warning: Citation `aldroubi2002non' on page \thepage  undefined on input 
line 31.


LaTeX Warning: Citation `liu1996metropolized' on page \thepage  undefined on in
put line 31.


LaTeX Warning: Citation `metropolis1953equation' on page \thepage  undefined on
 input line 31.


LaTeX Warning: Citation `mcdiarmid1989method' on page \thepage  undefined on in
put line 34.


LaTeX Warning: Citation `jukna2012analysis' on page \thepage  undefined on inpu
t line 34.


LaTeX Warning: Citation `kullback1997information' on page \thepage  undefined o
n input line 34.

) (./conclusion.tex)
No file saqplus.bbl.
 (./appendix.tex
Underfull \hbox (badness 10000) in paragraph at lines 49--49
[]\secfnt SUPPORTING OTHER AG-GRE-GA-
 []


LaTeX Warning: Citation `hinkley1988bootstrap' on page \thepage  undefined on i
nput line 82.


LaTeX Warning: Citation `kleiner2011scalable' on page \thepage  undefined on in
put line 86.


LaTeX Warning: Citation `jordan2002discriminative' on page \thepage  undefined 
on input line 117.


LaTeX Warning: Reference `sec:sampleclean' on page \thepage  undefined on input
 line 132.


LaTeX Warning: Reference `sec:sampleclean' on page \thepage  undefined on input
 line 204.


LaTeX Warning: Reference `sec:sampleclean' on page \thepage  undefined on input
 line 255.

)

! LaTeX Error: \begin{figure} on input line 145 ended by \end{document}.

See the LaTeX manual or LaTeX Companion for explanation.
Type  H <return>  for immediate help.
 ...                                              
                                                  
l.153 \end{document}
                    
Your command was ignored.
Type  I <command> <return>  to replace it with another command,
or  <return>  to continue without it.

 (./saqplus.aux)

LaTeX Font Warning: Size substitutions with differences
(Font)              up to 4.5pt have occurred.


LaTeX Warning: There were undefined references.


LaTeX Warning: Label(s) may have changed. Rerun to get cross-references right.

! You can't use `\end' in internal vertical mode.
\enddocument ...cumenthook \deadcycles \z@ \@@end 
                                                  
l.153 \end{document}
                    
Sorry, but I'm not programmed to handle this case;
I'll just pretend that you didn't ask for it.
If you're in the wrong mode, you might be able to
return to the right one by typing `I}' or `I$' or `I\par'.


! LaTeX Error: \begin{figure} on input line 145 ended by \end{document}.

See the LaTeX manual or LaTeX Companion for explanation.
Type  H <return>  for immediate help.
 ...                                              
                                                  
l.153 \end{document}
                    
Your command was ignored.
Type  I <command> <return>  to replace it with another command,
or  <return>  to continue without it.

! Missing } inserted.
<inserted text> 
                }
l.153 \end{document}
                    
I've inserted something that you may have forgotten.
(See the <inserted text> above.)
With luck, this will get me unwedged. But if you
really didn't forget anything, try typing `2' now; then
my insertion and my current dilemma will both disappear.

)
! Emergency stop.
<*> saqplus.tex
               
*** (job aborted, no legal \end found)

 
Here is how much of TeX's memory you used:
 7240 strings out of 493315
 98512 string characters out of 6137904
 264795 words of memory out of 5000000
 10433 multiletter control sequences out of 15000+600000
 79148 words of font info for 126 fonts, out of 8000000 for 9000
 957 hyphenation exceptions out of 8191
 42i,21n,39p,2020b,276s stack positions out of 5000i,500n,10000p,200000b,80000s
!  ==> Fatal error occurred, no output PDF file produced!
